PRT1
112
538
271
4 0 12 0 (832 576 384 ) (640 576 384 ) (640 576 128 ) (832 576 128 ) 
4 0 8 0 (960 576 128 ) (960 576 384 ) (832 576 384 ) (832 576 128 ) 
4 0 1 0 (672 960 128 ) (832 960 128 ) (832 576 128 ) (672 576 128 ) 
4 0 6 0 (640 576 128 ) (640 960 128 ) (672 960 128 ) (672 576 128 ) 
4 0 7 0 (640 960 384 ) (640 960 128 ) (640 576 128 ) (640 576 384 ) 
4 1 12 0 (832 576 128 ) (672 576 128 ) (672 576 112 ) (832 576 112 ) 
4 1 2 0 (704 960 112 ) (800 960 112 ) (800 576 112 ) (704 576 112 ) 
4 1 5 0 (672 576 112 ) (672 960 112 ) (704 960 112 ) (704 576 112 ) 
4 1 6 0 (672 576 112 ) (672 576 128 ) (672 960 128 ) (672 960 112 ) 
4 2 12 0 (800 576 96 ) (800 576 112 ) (704 576 112 ) (704 576 96 ) 
4 2 3 0 (736 960 96 ) (768 960 96 ) (768 576 96 ) (736 576 96 ) 
4 2 4 0 (704 576 96 ) (704 960 96 ) (736 960 96 ) (736 576 96 ) 
4 2 5 0 (704 576 96 ) (704 576 112 ) (704 960 112 ) (704 960 96 ) 
4 3 12 0 (768 576 96 ) (736 576 96 ) (736 576 80 ) (768 576 80 ) 
4 3 4 0 (736 576 80 ) (736 576 96 ) (736 960 96 ) (736 960 80 ) 
4 4 12 0 (736 576 96 ) (704 576 96 ) (704 576 64 ) (736 576 64 ) 
4 4 5 0 (704 576 64 ) (704 576 96 ) (704 960 96 ) (704 960 64 ) 
4 5 12 0 (672 576 112 ) (672 576 48 ) (704 576 48 ) (704 576 112 ) 
4 5 6 0 (672 576 48 ) (672 576 112 ) (672 960 112 ) (672 960 48 ) 
4 6 12 0 (672 576 128 ) (640 576 128 ) (640 576 32 ) (672 576 32 ) 
4 6 7 0 (640 960 128 ) (640 960 32 ) (640 576 32 ) (640 576 128 ) 
4 7 98 0 (0 576 0 ) (0 576 160 ) (0 960 160 ) (0 960 0 ) 
4 7 97 0 (0 576 160 ) (0 576 384 ) (0 960 384 ) (0 960 160 ) 
4 7 12 0 (0 576 384 ) (0 576 0 ) (640 576 0 ) (640 576 384 ) 
4 8 12 0 (832 576 384 ) (832 576 128 ) (832 32 128 ) (832 32 384 ) 
4 8 11 0 (960 32 160 ) (960 32 384 ) (832 32 384 ) (832 32 160 ) 
4 8 9 0 (832 256 128 ) (832 320 128 ) (960 320 128 ) (960 256 128 ) 
4 8 10 0 (960 32 128 ) (832 32 128 ) (832 64 128 ) (960 64 128 ) 
4 9 12 0 (832 320 0 ) (832 256 0 ) (832 256 128 ) (832 320 128 ) 
4 10 12 0 (832 64 0 ) (832 32 0 ) (832 32 128 ) (832 64 128 ) 
4 11 13 0 (960 0 384 ) (832 0 384 ) (832 0 160 ) (960 0 160 ) 
4 11 12 0 (832 0 160 ) (832 0 384 ) (832 32 384 ) (832 32 160 ) 
4 12 98 0 (0 576 160 ) (0 576 0 ) (0 390 0 ) (0 390 160 ) 
4 12 97 0 (0 390 384 ) (0 576 384 ) (0 576 160 ) (0 390 160 ) 
4 12 105 0 (0 0 0 ) (0 0 384 ) (0 390 384 ) (0 390 0 ) 
4 12 23 0 (160 0 0 ) (192 0 0 ) (192 0 160 ) (160 0 160 ) 
4 12 20 0 (296 0 0 ) (320 0 0 ) (320 0 160 ) (296 0 160 ) 
4 12 17 0 (360 0 0 ) (384 0 0 ) (384 0 160 ) (360 0 160 ) 
4 12 16 0 (384 0 0 ) (448 0 0 ) (448 0 160 ) (384 0 160 ) 
4 12 15 0 (512 0 0 ) (704 0 0 ) (704 0 160 ) (512 0 160 ) 
4 12 19 0 (320 0 0 ) (360 0 0 ) (360 0 160 ) (320 0 160 ) 
4 12 14 0 (768 0 0 ) (832 0 0 ) (832 0 160 ) (768 0 160 ) 
4 12 22 0 (192 0 0 ) (296 0 0 ) (296 0 160 ) (192 0 160 ) 
4 12 24 0 (0 0 160 ) (0 0 0 ) (160 0 0 ) (160 0 160 ) 
4 12 13 0 (0 0 384 ) (0 0 160 ) (832 0 160 ) (832 0 384 ) 
3 13 107 0 (0 0 180.114288 ) (0 0 160 ) (0 -22 160 ) 
5 13 106 0 (0 0 384 ) (0 0 180.114288 ) (0 -22 160 ) (0 -64 160 ) (0 -64 384 ) 
4 13 94 0 (224 -64 160 ) (256 -64 160 ) (256 -64 384 ) (224 -64 384 ) 
4 13 27 0 (576 -64 160 ) (832 -64 160 ) (832 -64 384 ) (576 -64 384 ) 
4 13 29 0 (256 -64 160 ) (576 -64 160 ) (576 -64 384 ) (256 -64 384 ) 
4 13 25 0 (832 -64 160 ) (960 -64 160 ) (960 -64 384 ) (832 -64 384 ) 
4 13 96 0 (0 -64 384 ) (0 -64 160 ) (224 -64 160 ) (224 -64 384 ) 
4 13 23 0 (160 -32 160 ) (160 0 160 ) (192 0 160 ) (192 -32 160 ) 
4 13 21 0 (320 -64 160 ) (296 -64 160 ) (296 -48 160 ) (320 -48 160 ) 
4 13 20 0 (296 -24 160 ) (296 0 160 ) (320 0 160 ) (320 -24 160 ) 
4 13 18 0 (384 -64 160 ) (360 -64 160 ) (360 -48 160 ) (384 -48 160 ) 
4 13 17 0 (360 -24 160 ) (360 0 160 ) (384 0 160 ) (384 -24 160 ) 
4 13 16 0 (448 -64 160 ) (384 -64 160 ) (384 0 160 ) (448 0 160 ) 
4 13 15 0 (704 -64 160 ) (512 -64 160 ) (512 0 160 ) (704 0 160 ) 
4 13 19 0 (360 -64 160 ) (320 -64 160 ) (320 0 160 ) (360 0 160 ) 
4 13 14 0 (832 -64 160 ) (768 -64 160 ) (768 0 160 ) (832 0 160 ) 
4 13 22 0 (296 -64 160 ) (192 -64 160 ) (192 0 160 ) (296 0 160 ) 
4 13 24 0 (160 -64 160 ) (0 -64 160 ) (0 0 160 ) (160 0 160 ) 
4 14 28 0 (768 -64 0 ) (832 -64 0 ) (832 -64 160 ) (768 -64 160 ) 
4 15 28 0 (640 -64 0 ) (704 -64 0 ) (704 -64 160 ) (640 -64 160 ) 
4 15 29 0 (512 -64 0 ) (576 -64 0 ) (576 -64 160 ) (512 -64 160 ) 
4 16 29 0 (384 -64 0 ) (448 -64 0 ) (448 -64 160 ) (384 -64 160 ) 
4 16 18 0 (384 -48 0 ) (384 -64 0 ) (384 -64 160 ) (384 -48 160 ) 
4 16 17 0 (384 0 0 ) (384 -24 0 ) (384 -24 160 ) (384 0 160 ) 
4 17 19 0 (360 0 0 ) (360 -24 0 ) (360 -24 160 ) (360 0 160 ) 
4 18 29 0 (360 -64 0 ) (384 -64 0 ) (384 -64 160 ) (360 -64 160 ) 
4 18 19 0 (360 -48 0 ) (360 -64 0 ) (360 -64 160 ) (360 -48 160 ) 
4 19 29 0 (320 -64 0 ) (360 -64 0 ) (360 -64 160 ) (320 -64 160 ) 
4 19 21 0 (320 -48 0 ) (320 -64 0 ) (320 -64 160 ) (320 -48 160 ) 
4 19 20 0 (320 0 0 ) (320 -24 0 ) (320 -24 160 ) (320 0 160 ) 
4 20 22 0 (296 0 0 ) (296 -24 0 ) (296 -24 160 ) (296 0 160 ) 
4 21 29 0 (296 -64 0 ) (320 -64 0 ) (320 -64 160 ) (296 -64 160 ) 
4 21 22 0 (296 -48 0 ) (296 -64 0 ) (296 -64 160 ) (296 -48 160 ) 
4 22 29 0 (256 -64 0 ) (296 -64 0 ) (296 -64 160 ) (256 -64 160 ) 
4 22 96 0 (192 -64 0 ) (224 -64 0 ) (224 -64 160 ) (192 -64 160 ) 
4 22 23 0 (192 0 0 ) (192 -32 0 ) (192 -32 160 ) (192 0 160 ) 
4 23 24 0 (160 0 0 ) (160 -32 0 ) (160 -32 160 ) (160 0 160 ) 
5 24 107 0 (0 0 160 ) (0 0 0 ) (0 -64 0 ) (0 -64 121.599998 ) (0 -22 160 ) 
3 24 106 0 (0 -64 121.599998 ) (0 -64 160 ) (0 -22 160 ) 
4 24 96 0 (0 -64 160 ) (0 -64 0 ) (160 -64 0 ) (160 -64 160 ) 
4 25 27 0 (832 -96 384 ) (832 -64 384 ) (832 -64 160 ) (832 -96 160 ) 
4 25 26 0 (832 -96 384 ) (832 -96 160 ) (960 -96 160 ) (960 -96 384 ) 
3 26 36 0 (832 -128 95.095734 ) (832 -128 0 ) (832 -484.541321 0 ) 
6 26 34 0 (832 -960 0 ) (832 -960 196.568222 ) (832 -144 136.823547 ) (832 -128 133.759689 ) (832 -128 95.095734 ) (832 -484.541321 0 ) 
3 26 32 0 (832 -960 196.568222 ) (832 -960 293.078857 ) (832 -144 136.823547 ) 
4 26 30 0 (832 -960 293.078857 ) (832 -960 384 ) (832 -128 384 ) (832 -128 133.759689 ) 
4 26 28 0 (832 -96 160 ) (832 -96 0 ) (832 -128 0 ) (832 -128 160 ) 
4 26 27 0 (832 -128 384 ) (832 -96 384 ) (832 -96 160 ) (832 -128 160 ) 
4 27 30 0 (832 -128 160 ) (832 -128 384 ) (576 -128 384 ) (576 -128 160 ) 
4 27 28 0 (832 -128 160 ) (640 -128 160 ) (640 -64 160 ) (832 -64 160 ) 
4 27 29 0 (576 -128 160 ) (576 -128 384 ) (576 -64 384 ) (576 -64 160 ) 
5 28 45 0 (706.890564 -128 88.390800 ) (717.146606 -128 137.260788 ) (716.092468 -128 142.246048 ) (640 -128 147.817276 ) (640 -128 75.581978 ) 
5 28 43 0 (640 -128 0 ) (659.351379 -128 0 ) (701.918152 -128 64.697495 ) (706.890564 -128 88.390800 ) (640 -128 75.581978 ) 
3 28 42 0 (659.351379 -128 0 ) (688.340454 -128 0 ) (701.918152 -128 64.697495 ) 
3 28 40 0 (688.340454 -128 0 ) (746.170715 -128 0 ) (717.146606 -128 137.260788 ) 
4 28 38 0 (746.170715 -128 0 ) (822.281616 -128 0 ) (729.358154 -128 141.274780 ) (716.092468 -128 142.246048 ) 
5 28 36 0 (822.281616 -128 0 ) (832 -128 0 ) (832 -128 95.095749 ) (770.073425 -128 138.293747 ) (729.358154 -128 141.274780 ) 
3 28 34 0 (832 -128 95.095749 ) (832 -128 133.759705 ) (770.073425 -128 138.293747 ) 
4 28 30 0 (832 -128 133.759705 ) (832 -128 160 ) (640 -128 160 ) (640 -128 147.817276 ) 
4 29 95 0 (256 -96 0 ) (256 -128 0 ) (256 -128 160 ) (256 -96 160 ) 
4 29 94 0 (256 -128 384 ) (256 -64 384 ) (256 -64 160 ) (256 -128 160 ) 
6 29 59 0 (256 -128 153.088867 ) (256 -128 72.067589 ) (345.032227 -128 78.586212 ) (350.542358 -128 86.953453 ) (355.312012 -128 111.861641 ) (346.153473 -128 159.689575 ) 
5 29 57 0 (256 -128 72.067589 ) (256 -128 2.050064 ) (269.546844 -128 4.644140 ) (316.854675 -128 35.798084 ) (345.032227 -128 78.586212 ) 
3 29 51 0 (355.312012 -128 111.861641 ) (364.731018 -128 161.049759 ) (346.153473 -128 159.689575 ) 
3 29 49 0 (350.542358 -128 86.953453 ) (401.090607 -128 163.711884 ) (364.731018 -128 161.049759 ) 
4 29 47 0 (316.854675 -128 35.798084 ) (502.270691 -128 157.901337 ) (412 -128 164.510635 ) (401.090607 -128 163.711884 ) 
4 29 45 0 (269.546844 -128 4.644140 ) (576 -128 63.326656 ) (576 -128 152.503128 ) (502.270691 -128 157.901337 ) 
4 29 43 0 (256 -128 2.050064 ) (256 -128 0 ) (576 -128 0 ) (576 -128 63.326656 ) 
3 29 31 0 (256 -128 175.932404 ) (256 -128 153.088867 ) (412 -128 164.510635 ) 
4 29 30 0 (256 -128 384 ) (256 -128 175.932404 ) (576 -128 152.503128 ) (576 -128 384 ) 
4 30 94 0 (256 -960 335.251556 ) (256 -960 384 ) (256 -128 384 ) (256 -128 175.932404 ) 
5 30 69 0 (445.997894 -529.994385 239 ) (445.993134 -530 239.001251 ) (412.006256 -517.004150 239.001236 ) (412.006378 -490.413605 233.909439 ) (443.288666 -503.698761 234.163025 ) 
4 30 67 0 (412.006378 -490.413605 233.909439 ) (412.006500 -461.118896 228.299820 ) (440.122192 -472.964966 228.509689 ) (443.288666 -503.698761 234.163025 ) 
4 30 65 0 (412.006500 -461.118896 228.299820 ) (412.006683 -419.775360 220.382980 ) (435.635529 -429.417267 220.499298 ) (440.122192 -472.964966 228.509689 ) 
5 30 63 0 (412.006683 -419.775360 220.382980 ) (412.006958 -361.951416 209.310333 ) (418.072876 -364.472229 209.348923 ) (434.405975 -417.483124 218.304062 ) (435.635529 -429.417267 220.499298 ) 
3 30 61 0 (412.006958 -361.951416 209.310333 ) (412.007050 -344.784851 206.023132 ) (418.072876 -364.472229 209.348923 ) 
3 30 55 0 (463.636871 -512.355286 234.330826 ) (445.997894 -529.994385 239 ) (434.405975 -417.483124 218.304062 ) 
4 30 53 0 (485.226715 -490.765320 228.615860 ) (463.636871 -512.355286 234.330826 ) (412.007050 -344.784851 206.023132 ) (412.007233 -302.313934 197.890427 ) 
4 30 51 0 (513.207947 -462.783905 221.209061 ) (485.226715 -490.765320 228.615860 ) (412.007233 -302.313934 197.890427 ) (412.007568 -232.571594 184.535538 ) 
4 30 49 0 (554.782654 -421.208923 210.203964 ) (513.207947 -462.783905 221.209061 ) (412.007568 -232.571594 184.535538 ) (412.007965 -147.036133 168.156433 ) 
7 30 47 0 (412.008057 -128 164.511230 ) (502.272369 -128 157.902390 ) (622.015259 -315.367432 185.013977 ) (584.476501 -380.891968 200.309647 ) (555.179626 -420.811951 210.098877 ) (554.782654 -421.208923 210.203964 ) (412.007965 -147.036133 168.156433 ) 
4 30 45 0 (502.272369 -128 157.902390 ) (716.092163 -128 142.247253 ) (657.265015 -253.838409 170.651001 ) (622.015259 -315.367432 185.013977 ) 
3 30 38 0 (716.092163 -128 142.247253 ) (729.357422 -128 141.276016 ) (657.265015 -253.838409 170.651001 ) 
3 30 36 0 (729.357422 -128 141.276016 ) (770.071533 -128 138.295074 ) (584.476501 -380.891968 200.309647 ) 
4 30 34 0 (770.071533 -128 138.295074 ) (832 -128 133.760895 ) (832 -143.989822 136.822769 ) (555.179626 -420.811951 210.098877 ) 
4 30 32 0 (832 -143.989822 136.822769 ) (832 -960 293.080017 ) (412.004211 -960 323.830078 ) (412.006042 -563.986450 247.997833 ) 
4 30 31 0 (256 -960 335.251953 ) (256 -128 175.933594 ) (412.008057 -128 164.511230 ) (412.004211 -960 323.830078 ) 
3 31 95 0 (256 -128 160 ) (256 -128 153.088867 ) (256 -164.091476 160 ) 
5 31 94 0 (256 -960 312.407990 ) (256 -960 335.251556 ) (256 -128 175.932404 ) (256 -128 160 ) (256 -164.091476 160 ) 
4 31 83 0 (412 -516.998291 238.998810 ) (377.992737 -530 238.998688 ) (360.354431 -512.362793 234.329742 ) (387.766968 -500.720856 234.107544 ) 
4 31 81 0 (360.354431 -512.362793 234.329742 ) (338.764648 -490.773407 228.614822 ) (359.780396 -481.922089 228.458633 ) (387.766968 -500.720856 234.107544 ) 
4 31 79 0 (338.764648 -490.773407 228.614822 ) (310.783264 -462.792542 221.208023 ) (323.546234 -457.583405 221.145004 ) (359.780396 -481.922089 228.458633 ) 
3 31 77 0 (310.783264 -462.792542 221.208023 ) (268.799774 -420.809845 210.094788 ) (323.546234 -457.583405 221.145004 ) 
5 31 69 0 (256 -408.010315 206.706619 ) (256 -406.967621 206.506958 ) (412 -490.409515 233.907349 ) (412 -516.998291 238.998810 ) (268.799774 -420.809845 210.094788 ) 
4 31 67 0 (256 -406.967621 206.506958 ) (256 -390.353851 203.325607 ) (412 -461.115723 228.297897 ) (412 -490.409515 233.907349 ) 
4 31 65 0 (256 -390.353851 203.325607 ) (256 -360.724854 197.652008 ) (412 -419.772980 220.381195 ) (412 -461.115723 228.297897 ) 
4 31 63 0 (256 -360.724854 197.652008 ) (256 -310.469025 188.028595 ) (412 -361.949615 209.308640 ) (412 -419.772980 220.381195 ) 
5 31 61 0 (256 -310.469025 188.028595 ) (256 -213.997330 169.555389 ) (384.131348 -245.142456 184.900848 ) (412 -344.757538 206.016541 ) (412 -361.949615 209.308640 ) 
5 31 59 0 (256 -213.997330 169.555389 ) (256 -128 153.087891 ) (346.153656 -128 159.688690 ) (366.215851 -181.104355 171.326508 ) (384.131348 -245.142456 184.900848 ) 
3 31 53 0 (366.215851 -181.104355 171.326508 ) (412 -302.294250 197.885269 ) (412 -344.757538 206.016541 ) 
4 31 51 0 (346.153656 -128 159.688690 ) (364.730835 -128 161.048859 ) (412 -232.555115 184.530960 ) (412 -302.294250 197.885269 ) 
4 31 49 0 (364.730835 -128 161.048859 ) (401.089996 -128 163.710968 ) (412 -147.023224 168.152512 ) (412 -232.555115 184.530960 ) 
3 31 47 0 (401.089996 -128 163.710968 ) (412 -128 164.509766 ) (412 -147.023224 168.152512 ) 
3 31 33 0 (256 -913.157227 303.436401 ) (256 -408.010315 206.706619 ) (412 -564.007324 248 ) 
4 31 32 0 (256 -960 312.406250 ) (256 -913.157227 303.436401 ) (412 -564.007324 248 ) (412 -960 323.828918 ) 
3 32 94 0 (256 -960 306.866058 ) (256 -960 312.407990 ) (256 -913.142822 303.435333 ) 
4 32 55 0 (445.996826 -529.975830 238.996017 ) (463.632538 -512.340149 234.327744 ) (475.281433 -539.769043 234.105347 ) (459.005859 -564 238.996017 ) 
4 32 53 0 (463.632538 -512.340149 234.327744 ) (485.221375 -490.751312 228.613052 ) (494.079529 -511.783264 228.456696 ) (475.281433 -539.769043 234.105347 ) 
4 32 51 0 (485.221375 -490.751312 228.613052 ) (513.202026 -462.770660 221.206406 ) (518.417664 -475.549652 221.143295 ) (494.079529 -511.783264 228.456696 ) 
3 32 49 0 (513.202026 -462.770660 221.206406 ) (555.234863 -420.737793 210.080063 ) (518.417664 -475.549652 221.143295 ) 
3 32 41 0 (458.992706 -564.019043 239 ) (448.149170 -580.162476 242.258362 ) (412.020874 -564.019165 247.994583 ) 
3 32 39 0 (448.149170 -580.162476 242.258362 ) (440.114136 -592.124695 244.672821 ) (411.998505 -564.009155 247.998138 ) 
3 32 37 0 (440.114136 -592.124695 244.672821 ) (429.046326 -608.601990 247.998596 ) (411.998505 -564.009155 247.998138 ) 
3 32 35 0 (411.992676 -563.993896 247.998138 ) (429.046326 -608.601990 247.998596 ) (411.992676 -633.990723 253.123062 ) 
5 32 34 0 (555.234863 -420.737793 210.080063 ) (832 -143.972656 136.818695 ) (832 -960 196.565399 ) (411.992706 -960 276.992340 ) (411.992676 -633.990723 253.123062 ) 
4 32 33 0 (256 -960 306.863281 ) (256 -913.125000 303.431641 ) (411.992676 -563.993896 247.998138 ) (411.992706 -960 276.992340 ) 
4 33 94 0 (256 -960 247.121399 ) (256 -960 306.866058 ) (256 -913.142822 303.435333 ) (256 -408 206.705872 ) 
4 33 90 0 (377.992798 -529.997009 238.996231 ) (377.995728 -530 238.997009 ) (364.995575 -564 238.997009 ) (343.785950 -533.521362 232.704102 ) 
4 33 83 0 (360.356354 -512.360718 234.327835 ) (377.992798 -529.997009 238.996231 ) (343.785950 -533.521362 232.704102 ) (334.586060 -520.300781 229.974487 ) 
4 33 81 0 (338.767365 -490.771942 228.613190 ) (360.356354 -512.360718 234.327835 ) (334.586060 -520.300781 229.974487 ) (319.300812 -498.335327 225.439346 ) 
4 33 79 0 (310.786621 -462.791443 221.206635 ) (338.767365 -490.771942 228.613190 ) (319.300812 -498.335327 225.439346 ) (298.366150 -468.251465 219.228027 ) 
4 33 77 0 (266.587402 -422.584259 209.799271 ) (269.212189 -421.217407 210.201813 ) (310.786621 -462.791443 221.206635 ) (298.366150 -468.251465 219.228027 ) 
4 33 76 0 (256 -564.013000 218.126709 ) (256 -428.097565 208.175583 ) (266.587402 -422.584259 209.799271 ) (365.005676 -564.014893 239 ) 
4 33 75 0 (256 -428.097565 208.175583 ) (256 -411.413422 206.954041 ) (268.807373 -420.812592 210.094650 ) (269.212189 -421.217407 210.201813 ) 
3 33 69 0 (256 -411.413422 206.954041 ) (256 -408.005341 206.704514 ) (268.807373 -420.812592 210.094650 ) 
5 33 35 0 (256 -960 247.119141 ) (256 -564.013000 218.126709 ) (412.003876 -564.015686 248 ) (412.003876 -633.968201 253.121277 ) (287.344666 -960 253.121307 ) 
3 33 34 0 (412.003876 -633.968201 253.121277 ) (412.003876 -960 276.992188 ) (287.344666 -960 253.121307 ) 
4 34 55 0 (459.007996 -563.985229 239 ) (475.276276 -539.765686 234.111053 ) (498.664246 -561.016357 212.128403 ) (459.001526 -564.002136 239 ) 
4 34 53 0 (475.276276 -539.765686 234.111053 ) (494.076080 -511.777374 228.461884 ) (511.242859 -543.367981 208.061081 ) (501.944763 -563.997131 209.044983 ) 
4 34 51 0 (494.076080 -511.777374 228.461884 ) (518.415466 -475.541931 221.148117 ) (528.055847 -506.066010 206.281967 ) (511.242859 -543.367981 208.061081 ) 
3 34 50 0 (473.998871 -626 212.002182 ) (472.851074 -628.545654 212.123642 ) (470.461548 -625.827332 214.515503 ) 
4 34 49 0 (518.415466 -475.541931 221.148117 ) (554.832458 -421.325806 210.205139 ) (557.922974 -439.801605 203.121475 ) (528.055847 -506.066010 206.281967 ) 
3 34 48 0 (472.851074 -628.545654 212.123642 ) (431.182434 -720.993469 216.532959 ) (446.001648 -598.001831 239 ) 
4 34 47 0 (554.832458 -421.325806 210.205139 ) (555.119446 -420.898560 210.118896 ) (584.467346 -380.909119 200.312592 ) (557.922974 -439.801605 203.121475 ) 
3 34 41 0 (448.153168 -580.145447 242.261307 ) (459.007996 -563.985229 239 ) (446.001648 -598.001831 239 ) 
4 34 39 0 (440.117188 -592.109070 244.676041 ) (448.153168 -580.145447 242.261307 ) (431.182434 -720.993469 216.532959 ) (426.531006 -731.313354 217.025162 ) 
4 34 37 0 (429.051880 -608.582642 248.001068 ) (440.117188 -592.109070 244.676041 ) (426.531006 -731.313354 217.025162 ) (379.750549 -835.102417 221.975388 ) 
7 34 36 0 (584.467346 -380.909119 200.312592 ) (770.075256 -128 138.293640 ) (832 -128 95.096893 ) (832 -484.545715 0 ) (650.208679 -960 0 ) (352.566956 -960 207.625443 ) (379.750549 -835.102417 221.975388 ) 
4 34 35 0 (287.341003 -960 253.125000 ) (412 -633.968750 253.125000 ) (429.051880 -608.582642 248.001068 ) (352.566956 -960 207.625443 ) 
3 35 94 0 (256 -960 189.133911 ) (256 -960 247.121399 ) (256 -564 218.127655 ) 
5 35 76 0 (256 -563.992188 218.128906 ) (364.997437 -563.992188 239 ) (378 -597.996460 239.001190 ) (377.998474 -597.998474 239 ) (256 -583.299133 216.715302 ) 
4 35 62 0 (377.998474 -597.998474 239 ) (257.437592 -718.557434 207.087357 ) (256 -719.646179 206.732361 ) (256 -583.299133 216.715302 ) 
3 35 48 0 (257.437592 -718.557434 207.087357 ) (256 -719.994995 206.706818 ) (256 -719.646179 206.732361 ) 
6 35 37 0 (411.995819 -564.001648 248 ) (429.045349 -608.581055 248 ) (379.730469 -835.163086 221.967239 ) (338.574982 -960 204.946304 ) (256 -960 189.134338 ) (256 -719.994995 206.706818 ) 
3 35 36 0 (379.730469 -835.163086 221.967239 ) (352.560089 -960 207.624268 ) (338.574982 -960 204.946304 ) 
3 36 53 0 (501.943146 -563.997009 209.047424 ) (511.241821 -543.366577 208.063446 ) (526.983887 -563.961548 171 ) 
4 36 51 0 (511.241821 -543.366577 208.063446 ) (528.055298 -506.063538 206.284271 ) (536.116455 -542.327515 170.908386 ) (527.014587 -564.001709 170.927750 ) 
4 36 50 0 (472.850952 -628.542236 212.125916 ) (473.997711 -625.997986 212.004562 ) (492.983582 -645.039063 171 ) (473.876343 -690.538696 171.040802 ) 
4 36 49 0 (528.055298 -506.063538 206.284271 ) (557.922913 -439.798004 203.123734 ) (557.920349 -490.406311 170.862000 ) (536.116455 -542.327515 170.908386 ) 
5 36 48 0 (431.185822 -720.982239 216.534851 ) (472.850952 -628.542236 212.125916 ) (473.876343 -690.538696 171.040802 ) (366.112213 -947.155396 171.270081 ) (412 -783.224609 206.020813 ) 
5 36 47 0 (557.922913 -439.798004 203.123734 ) (584.459778 -380.922241 200.315643 ) (622.014893 -315.369171 185.013275 ) (615.871338 -352.408630 170.738708 ) (557.920349 -490.406311 170.862000 ) 
3 36 45 0 (622.014893 -315.369171 185.013275 ) (657.263672 -253.841843 170.650650 ) (615.871338 -352.408630 170.738708 ) 
3 36 39 0 (426.533478 -731.304077 217.027145 ) (431.185822 -720.982239 216.534851 ) (412 -783.224609 206.020813 ) 
6 36 38 0 (657.263672 -253.841843 170.650650 ) (729.358032 -128 141.274780 ) (822.281494 -128 0 ) (473.378540 -960 0 ) (362.516754 -960 168.547226 ) (366.112213 -947.155396 171.270081 ) 
4 36 37 0 (338.572052 -960 204.951233 ) (379.742188 -835.117188 221.978516 ) (426.533478 -731.304077 217.027145 ) (362.516754 -960 168.547226 ) 
3 37 94 0 (256 -960 160.748444 ) (256 -960 189.133911 ) (256 -720 206.705887 ) 
4 37 62 0 (257.425964 -718.566223 207.084503 ) (377.995117 -597.997070 239 ) (411.996613 -610.997681 239 ) (411.996613 -611.001221 239 ) 
7 37 48 0 (256 -719.992188 206.707031 ) (257.425964 -718.566223 207.084503 ) (411.996613 -611.001221 239 ) (412.004303 -783.201538 206.024918 ) (366.102875 -947.180786 171.263901 ) (361.315155 -960 168.458603 ) (256 -960 160.747986 ) 
5 37 39 0 (411.994507 -564.007629 247.998947 ) (412.001465 -564.004517 248 ) (440.113770 -592.116943 244.675125 ) (426.530884 -731.306458 217.025864 ) (412.004303 -783.201538 206.024918 ) 
3 37 38 0 (366.102875 -947.180786 171.263901 ) (362.514496 -960 168.546417 ) (361.315155 -960 168.458603 ) 
4 38 52 0 (492.979858 -645.036926 171.005783 ) (492.994904 -645.001099 171.005753 ) (500.470703 -650.860107 124.020966 ) (489.221039 -678.006836 123.333977 ) 
4 38 51 0 (527.011719 -563.997498 170.933472 ) (536.114746 -542.320557 170.914124 ) (536.445068 -564.049744 126.217834 ) (536.025818 -565.061523 126.192230 ) 
4 38 50 0 (473.875122 -690.530701 171.046387 ) (492.979858 -645.036926 171.005783 ) (489.221039 -678.006836 123.333977 ) (448.402039 -776.507813 120.841255 ) 
4 38 49 0 (536.114746 -542.320557 170.914124 ) (557.919922 -490.396271 170.867783 ) (548.097900 -535.930115 126.929443 ) (536.445068 -564.049744 126.217834 ) 
5 38 48 0 (361.311584 -960 168.459625 ) (366.117188 -947.132813 171.275391 ) (473.875122 -690.530701 171.046387 ) (448.402039 -776.507813 120.841255 ) (372.362488 -960 116.197708 ) 
4 38 47 0 (557.919922 -490.396271 170.867783 ) (615.873535 -352.392395 170.744614 ) (588.848267 -437.594727 129.417969 ) (548.097900 -535.930115 126.929443 ) 
5 38 45 0 (615.873535 -352.392395 170.744614 ) (657.248291 -253.867432 170.656677 ) (716.088989 -128 142.246292 ) (717.144897 -128 137.252747 ) (588.848267 -437.594727 129.417969 ) 
4 38 40 0 (717.144897 -128 137.252747 ) (746.167358 -128 0 ) (396.932800 -960 0 ) (372.362488 -960 116.197708 ) 
5 39 48 0 (431.175964 -721.010559 216.531738 ) (411.996094 -783.233215 206.021133 ) (411.996124 -610.997864 239.002380 ) (445.988312 -598.001282 239.002121 ) (445.996399 -598.009399 239 ) 
4 39 41 0 (412 -564.014282 247.998947 ) (412.002899 -564.007690 248 ) (448.147491 -580.156677 242.261078 ) (445.996399 -598.009399 239 ) 
3 40 56 0 (493.001892 -645.001953 77.004196 ) (492.582458 -646.039978 77.028893 ) (492.869507 -646.270508 78.846107 ) 
3 40 54 0 (492.582458 -646.039978 77.028893 ) (484.291870 -666.556274 77.517097 ) (499.616913 -651.689575 121.560776 ) 
4 40 52 0 (489.224548 -678.003906 123.336121 ) (500.473663 -650.858459 124.023087 ) (484.291870 -666.556274 77.517097 ) (463.428406 -718.186096 78.745674 ) 
3 40 51 0 (536.026733 -565.064758 126.194244 ) (536.446411 -564.052063 126.219872 ) (536 -564.002197 124 ) 
4 40 50 0 (448.406433 -776.502808 120.843437 ) (489.224548 -678.003906 123.336121 ) (463.428406 -718.186096 78.745674 ) (410.030579 -850.327271 81.890099 ) 
3 40 49 0 (536.446411 -564.052063 126.219872 ) (548.099731 -535.931213 126.931519 ) (526.573914 -562.947205 77.024002 ) 
4 40 48 0 (372.364868 -960 116.199722 ) (448.406433 -776.502808 120.843437 ) (410.030579 -850.327271 81.890099 ) (365.712158 -960 84.499863 ) 
4 40 47 0 (548.099731 -535.931213 126.931519 ) (588.851013 -437.593628 129.420120 ) (541.532043 -524.906677 74.146408 ) (525.734009 -564.001343 75.076706 ) 
5 40 45 0 (588.851013 -437.593628 129.420120 ) (717.147217 -128 137.254913 ) (706.892456 -128 88.391174 ) (649.234253 -258.381104 67.804184 ) (541.532043 -524.906677 74.146408 ) 
3 40 43 0 (706.892456 -128 88.391174 ) (701.920837 -128 64.701645 ) (649.234253 -258.381104 67.804184 ) 
4 40 42 0 (701.920837 -128 64.701645 ) (688.342285 -128 0 ) (347.978546 -960 0 ) (365.712158 -960 84.499863 ) 
4 42 56 0 (492.579803 -646.039307 77.019875 ) (493.001373 -644.996094 76.995049 ) (474.018005 -625.970154 36.003750 ) (463.971436 -649.886353 35.992050 ) 
4 42 54 0 (484.287537 -666.559814 77.508179 ) (492.579803 -646.039307 77.019875 ) (463.971436 -649.886353 35.992050 ) (447.062378 -690.138855 35.972359 ) 
4 42 52 0 (463.422119 -718.194519 78.736862 ) (484.287537 -666.559814 77.508179 ) (447.062378 -690.138855 35.972359 ) (414.886261 -766.734985 35.934887 ) 
4 42 50 0 (410.020874 -850.344116 81.881454 ) (463.422119 -718.194519 78.736862 ) (414.886261 -766.734985 35.934887 ) (338.990112 -947.407898 35.846504 ) 
4 42 48 0 (365.709290 -960 84.490791 ) (410.020874 -850.344116 81.881454 ) (338.990112 -947.407898 35.846504 ) (333.700470 -960 35.840343 ) 
4 42 47 0 (525.729614 -564.005005 75.067810 ) (541.524109 -524.919189 74.137733 ) (500.050934 -563.998108 36.034061 ) (500.036255 -564.033020 36.034046 ) 
4 42 45 0 (541.524109 -524.919189 74.137733 ) (649.211914 -258.429260 67.796410 ) (552.634888 -438.820557 36.095295 ) (500.050934 -563.998108 36.034061 ) 
4 42 44 0 (552.634888 -438.820557 36.095295 ) (442.670990 -644.216431 0 ) (310.119873 -960 0 ) (333.700470 -960 35.840343 ) 
4 42 43 0 (649.211914 -258.429260 67.796410 ) (701.918030 -128 64.692749 ) (659.354431 -128 0 ) (442.670990 -644.216431 0 ) 
3 43 95 0 (256 -128 2.050064 ) (256 -128 0 ) (256 -156 0 ) 
5 43 57 0 (269.548187 -128 4.645042 ) (256 -128 2.050705 ) (256 -156.008789 0 ) (411.995789 -563.998352 0 ) (444.762665 -531.231445 8.673592 ) 
4 43 46 0 (411.998230 -564.004700 0 ) (428.695557 -607.674683 0 ) (459.652863 -565.499146 9.015948 ) (459.003479 -564.004700 9.001018 ) 
5 43 45 0 (552.609131 -438.857605 36.088345 ) (649.226563 -258.390625 67.802734 ) (706.889160 -128 88.391182 ) (269.548187 -128 4.645042 ) (459.652863 -565.499146 9.015948 ) 
3 43 44 0 (442.666443 -644.214050 0 ) (552.609131 -438.857605 36.088345 ) (428.695557 -607.674683 0 ) 
3 44 58 0 (446.648712 -596.490784 9.013718 ) (434.441528 -624.625854 8.736127 ) (473.965515 -625.970825 35.971260 ) 
4 44 56 0 (463.963440 -649.889343 35.990456 ) (474.010376 -625.972351 36.002159 ) (434.441528 -624.625854 8.736127 ) (417.535919 -663.589844 8.351694 ) 
4 44 54 0 (447.054016 -690.142639 35.970757 ) (463.963440 -649.889343 35.990456 ) (417.535919 -663.589844 8.351694 ) (394.016998 -717.796265 7.816875 ) 
4 44 52 0 (414.877533 -766.739624 35.933273 ) (447.054016 -690.142639 35.970757 ) (394.016998 -717.796265 7.816875 ) (353.274780 -811.698914 6.890399 ) 
5 44 50 0 (288.930298 -960 5.427209 ) (326.228973 -960 30.767315 ) (338.980743 -947.414001 35.844852 ) (414.877533 -766.739624 35.933273 ) (353.274780 -811.698914 6.890399 ) 
3 44 48 0 (326.228973 -960 30.767315 ) (333.693665 -960 35.838692 ) (338.980743 -947.414001 35.844852 ) 
5 44 46 0 (459.651062 -565.493835 9.016205 ) (428.692871 -607.670654 0 ) (280.941864 -960 0 ) (288.930298 -960 5.427209 ) (460.104858 -565.476990 9.319710 ) 
3 44 45 0 (552.625000 -438.828125 36.093750 ) (459.651062 -565.493835 9.016205 ) (500.046387 -563.992920 36.032494 ) 
3 45 59 0 (473.967682 -502.054718 35.953590 ) (423.010132 -380.743286 35.897823 ) (444.508179 -529.352722 9.014711 ) 
4 45 57 0 (269.561584 -128 4.644636 ) (444.781219 -531.240234 8.673261 ) (423.010132 -380.743286 35.897823 ) (316.843842 -128 35.781639 ) 
8 45 47 0 (499.992645 -564.010681 35.982071 ) (500.021606 -564.009583 36.001431 ) (541.534973 -524.892822 74.142014 ) (588.863281 -437.562500 129.426636 ) (615.879211 -352.389832 170.738922 ) (622.021484 -315.357849 185.010635 ) (502.283936 -128 157.900360 ) (316.843842 -128 35.781639 ) 
3 45 46 0 (459.008667 -563.982483 9 ) (459.671875 -565.508789 9.015625 ) (460.137482 -565.491516 9.327018 ) 
3 46 60 0 (412 -564 0 ) (396.821045 -603.698730 0 ) (444.763550 -596.763489 8.672709 ) 
4 46 58 0 (434.458221 -624.620667 8.738957 ) (446.664124 -596.488586 9.016520 ) (396.821045 -603.698730 0 ) (382.717834 -640.583984 0 ) 
4 46 56 0 (417.553192 -663.583313 8.354536 ) (434.458221 -624.620667 8.738957 ) (382.717834 -640.583984 0 ) (366.559326 -682.844666 0 ) 
4 46 54 0 (394.034912 -717.788208 7.819729 ) (417.553192 -663.583313 8.354536 ) (366.559326 -682.844666 0 ) (344.709595 -739.990051 0 ) 
4 46 52 0 (353.293365 -811.689209 6.893264 ) (394.034912 -717.788208 7.819729 ) (344.709595 -739.990051 0 ) (308.353851 -835.074280 0 ) 
4 46 50 0 (288.944611 -960 5.429970 ) (353.293365 -811.689209 6.893264 ) (308.353851 -835.074280 0 ) (260.588104 -960 0 ) 
3 47 63 0 (494.272156 -483.131897 78.851402 ) (493.867004 -482.130829 78.874252 ) (492.997070 -482.998810 77 ) 
3 47 61 0 (493.867004 -482.130829 78.874252 ) (476.133850 -438.314911 79.874504 ) (473.967041 -501.986267 36 ) 
5 47 59 0 (422.978027 -380.647430 35.913837 ) (473.965576 -502.029602 35.970047 ) (476.133850 -438.314911 79.874504 ) (350.543335 -128 86.958549 ) (345.029724 -128 78.586021 ) 
3 47 57 0 (316.851501 -128 35.796844 ) (422.978027 -380.647430 35.913837 ) (345.029724 -128 78.586021 ) 
9 47 49 0 (526.574097 -562.945007 77.029381 ) (548.100098 -535.928833 126.937241 ) (557.919189 -490.408997 170.862152 ) (557.921753 -439.807709 203.119507 ) (554.831116 -421.330688 210.203598 ) (554.783630 -421.216339 210.204330 ) (412 -147.026535 168.154022 ) (401.088074 -128 163.711716 ) (350.543335 -128 86.958549 ) 
3 48 95 0 (256 -960 48.450470 ) (256 -960 160 ) (256 -790.610046 160 ) 
5 48 94 0 (256 -960 160 ) (256 -960 160.748444 ) (256 -720 206.705887 ) (256 -719.647095 206.731720 ) (256 -790.610046 160 ) 
5 48 62 0 (414.985962 -650.663147 212.128632 ) (256 -721.838867 205.288971 ) (256 -719.648193 206.731628 ) (257.427490 -718.567139 207.084137 ) (412.001587 -611.001953 239 ) 
9 48 50 0 (470.460052 -625.828186 214.515152 ) (472.851318 -628.548523 212.121521 ) (473.876953 -690.537292 171.040649 ) (448.410217 -776.493164 120.847321 ) (410.024780 -850.334351 81.885193 ) (338.978119 -947.419312 35.840263 ) (326.231659 -960 30.765015 ) (256 -960 48.449837 ) (256 -721.838867 205.288971 ) 
4 49 63 0 (493.869385 -482.126953 78.881607 ) (494.276154 -483.132019 78.858665 ) (499.693115 -476.387970 121.553116 ) (489.930145 -452.829926 120.897278 ) 
4 49 61 0 (476.133179 -438.303497 79.882042 ) (493.869385 -482.126953 78.881607 ) (489.930145 -452.829926 120.897278 ) (456.902130 -373.133362 118.678589 ) 
4 49 59 0 (350.547363 -128 86.965897 ) (476.133179 -438.303497 79.882042 ) (456.902130 -373.133362 118.678589 ) (355.313416 -128 111.854271 ) 
9 49 51 0 (536 -563.998291 123.992111 ) (536.448181 -564.048279 126.221687 ) (536.118164 -542.323364 170.908463 ) (528.058228 -506.063904 206.279755 ) (518.418213 -475.540833 221.145355 ) (513.212830 -462.787109 221.208344 ) (412 -232.547089 184.530289 ) (364.734283 -128 161.050003 ) (355.313416 -128 111.854271 ) 
5 50 95 0 (256 -960 0 ) (256 -960 48.450470 ) (256 -790.610046 160 ) (256 -751.663269 160 ) (256 -857.029114 0 ) 
3 50 94 0 (256 -790.610046 160 ) (256 -721.839539 205.287918 ) (256 -751.663269 160 ) 
3 50 64 0 (412.035950 -678.985840 170.995316 ) (375.188660 -694.458679 170.963577 ) (412 -653.945129 209.042847 ) 
4 50 62 0 (256 -744.508179 170.860901 ) (256 -721.836487 205.288223 ) (414.983398 -650.661865 212.128815 ) (375.188660 -694.458679 170.963577 ) 
9 50 52 0 (463.424957 -718.187744 78.741394 ) (414.879761 -766.737549 35.931183 ) (353.284058 -811.691589 6.891636 ) (308.355164 -835.071106 0 ) (256 -857.026489 0 ) (256 -744.508179 170.860901 ) (492.954468 -645.006714 171.065033 ) (492.982697 -645.035034 171.004028 ) (489.226563 -677.997742 123.341606 ) 
3 51 65 0 (492.997253 -483.011627 171.060532 ) (482.980316 -459.156830 171.080750 ) (498.862457 -475.528595 124.028831 ) 
4 51 63 0 (489.930084 -452.823914 120.906372 ) (499.695007 -476.386810 121.562363 ) (482.980316 -459.156830 171.080750 ) (461.422302 -407.817596 171.124283 ) 
4 51 61 0 (456.898834 -373.119019 118.687393 ) (489.930084 -452.823914 120.906372 ) (461.422302 -407.817596 171.124283 ) (405.282349 -274.123413 171.237640 ) 
5 51 59 0 (355.316742 -128 111.863289 ) (456.898834 -373.119019 118.687393 ) (405.282349 -274.123413 171.237640 ) (366.201019 -181.053360 171.316544 ) (346.158264 -128 159.689926 ) 
6 51 53 0 (526.989197 -563.961548 170.991898 ) (511.245758 -543.364990 208.058777 ) (494.079468 -511.775360 228.458939 ) (485.231750 -490.768127 228.615112 ) (412 -302.283478 197.884064 ) (366.201019 -181.053360 171.316544 ) 
4 52 95 0 (256 -777.226257 0 ) (256 -857.029114 0 ) (256 -751.663330 160 ) (256 -746.587952 160 ) 
3 52 94 0 (256 -751.663330 160 ) (256 -744.507080 170.866867 ) (256 -746.587952 160 ) 
3 52 68 0 (412 -688 123.996857 ) (410.881500 -688.462830 124.028000 ) (410.933136 -688.025269 126.199936 ) 
3 52 66 0 (410.881500 -688.462830 124.028000 ) (386.316528 -698.643127 124.711937 ) (411.996796 -679.014038 170.927475 ) 
4 52 64 0 (375.205200 -694.448303 170.975281 ) (412.040802 -678.980408 171.006699 ) (386.316528 -698.643127 124.711937 ) (306.986603 -731.519226 126.920631 ) 
4 52 62 0 (256 -752.649231 128.340195 ) (256 -744.504578 170.873627 ) (375.205200 -694.448303 170.975281 ) (306.986603 -731.519226 126.920631 ) 
7 52 54 0 (484.288818 -666.557007 77.512871 ) (447.056030 -690.140869 35.968632 ) (394.025269 -717.791260 7.818075 ) (344.710419 -739.988403 0 ) (256 -777.224915 0 ) (256 -752.649231 128.340195 ) (499.614166 -651.690063 121.557526 ) 
3 53 69 0 (473.826752 -505.541290 214.516525 ) (472.783508 -503.211029 214.616791 ) (473.998810 -502 212 ) 
4 53 67 0 (492.996399 -483.011749 171.062759 ) (493.010651 -483.045715 171.062729 ) (472.783508 -503.211029 214.616791 ) (462.166626 -479.496216 215.637161 ) 
4 53 65 0 (482.978882 -459.155731 171.083099 ) (492.996399 -483.011749 171.062759 ) (462.166626 -479.496216 215.637161 ) (440.993774 -432.202637 217.672058 ) 
5 53 63 0 (461.420044 -407.814941 171.126877 ) (482.978882 -459.155731 171.083099 ) (440.993774 -432.202637 217.672058 ) (434.408783 -417.493805 218.304932 ) (418.072998 -364.472870 209.348038 ) 
5 53 61 0 (405.278046 -274.116852 171.240891 ) (461.420044 -407.814941 171.126877 ) (418.072998 -364.472870 209.348038 ) (412 -344.761719 206.018204 ) (384.130554 -245.141266 184.901443 ) 
3 53 59 0 (366.206390 -181.070557 171.320236 ) (405.278046 -274.116852 171.240891 ) (384.130554 -245.141266 184.901443 ) 
4 53 55 0 (498.661499 -561.014404 212.129684 ) (475.276794 -539.767822 234.108963 ) (463.637817 -512.362183 234.331161 ) (434.408783 -417.493805 218.304932 ) 
3 54 95 0 (256 -728.073486 0 ) (256 -777.226257 0 ) (256 -752.649841 128.343475 ) 
4 54 68 0 (410.880463 -688.462463 124.027748 ) (412 -687.998901 123.996605 ) (413.053955 -678.572205 77.022354 ) (387.747925 -688.814087 76.444672 ) 
4 54 66 0 (386.315338 -698.642822 124.711647 ) (410.880463 -688.462463 124.027748 ) (387.747925 -688.814087 76.444672 ) (335.616882 -709.912598 75.254623 ) 
5 54 64 0 (306.984924 -731.519165 126.920227 ) (386.315338 -698.642822 124.711647 ) (335.616882 -709.912598 75.254623 ) (256 -742.135193 73.437126 ) (256 -747.621765 102.089043 ) 
3 54 62 0 (256 -752.648499 128.339661 ) (306.984924 -731.519165 126.920227 ) (256 -747.621765 102.089043 ) 
7 54 56 0 (492.867401 -646.270142 78.844337 ) (492.579956 -646.039307 77.024628 ) (463.965698 -649.887146 35.988419 ) (417.543640 -663.586060 8.352902 ) (366.559753 -682.843628 0 ) (256 -728.072632 0 ) (256 -742.135193 73.437126 ) 
5 55 69 0 (472.797668 -503.214325 214.612762 ) (473.839081 -505.540527 214.512680 ) (446.011688 -530.001343 238.997849 ) (446.008026 -529.991760 238.997849 ) (443.299164 -503.702545 234.162079 ) 
4 55 67 0 (462.181702 -479.501678 215.633041 ) (472.797668 -503.214325 214.612762 ) (443.299164 -503.702545 234.162079 ) (440.132385 -472.969025 228.508789 ) 
4 55 65 0 (441.009613 -432.210022 217.667831 ) (462.181702 -479.501678 215.633041 ) (440.132385 -472.969025 228.508789 ) (435.645203 -429.421448 220.498428 ) 
3 55 63 0 (434.414642 -417.478943 218.301666 ) (441.009613 -432.210022 217.667831 ) (435.645203 -429.421448 220.498428 ) 
3 56 95 0 (256 -693.774109 0 ) (256 -728.073486 0 ) (256 -742.136169 73.438667 ) 
3 56 70 0 (411.980316 -652.022705 36.009518 ) (390.867889 -660.891052 36.019222 ) (412.007324 -677.734863 75.072449 ) 
4 56 68 0 (387.751465 -688.816650 76.439629 ) (413.060120 -678.573730 77.017395 ) (390.867889 -660.891052 36.019222 ) (345.885681 -679.785950 36.039898 ) 
4 56 66 0 (335.617615 -709.916260 75.249474 ) (387.751465 -688.816650 76.439629 ) (345.885681 -679.785950 36.039898 ) (274.162903 -709.913330 36.072865 ) 
4 56 64 0 (256 -742.139099 73.431900 ) (335.617615 -709.916260 75.249474 ) (274.162903 -709.913330 36.072865 ) (256 -717.542725 36.081215 ) 
5 56 58 0 (473.978912 -625.980042 35.981018 ) (434.444244 -624.633789 8.737222 ) (382.714142 -640.593872 0 ) (256 -693.782288 0 ) (256 -717.542725 36.081215 ) 
4 57 95 0 (256 -128 72.067589 ) (256 -128 2.050064 ) (256 -156 0 ) (256 -504.352905 0 ) 
3 57 73 0 (413.482300 -515.891907 9.320415 ) (412.001984 -515.249634 9.335025 ) (412.001801 -517 9 ) 
4 57 71 0 (411.997223 -564 0 ) (412.001984 -515.249634 9.335025 ) (256 -447.563232 10.874660 ) (256 -504.352661 0 ) 
5 57 59 0 (444.489258 -529.345276 9.014398 ) (422.970917 -380.588501 35.924534 ) (345.034119 -128 78.586853 ) (256 -128 72.068092 ) (256 -447.563232 10.874660 ) 
3 58 95 0 (256 -662.752686 0 ) (256 -693.774109 0 ) (256 -717.528931 36.072178 ) 
3 58 74 0 (412 -611.012573 9.002408 ) (410.511658 -611.659363 9.017280 ) (410.528534 -612.113403 9.320958 ) 
4 58 72 0 (411.973633 -652.008240 35.991772 ) (412.011108 -651.992493 35.991753 ) (410.511658 -611.659363 9.017280 ) (384.573761 -622.930054 9.276424 ) 
4 58 70 0 (390.851685 -660.880676 36.001553 ) (411.973633 -652.008240 35.991772 ) (384.573761 -622.930054 9.276424 ) (349.192993 -638.304016 9.629914 ) 
4 58 68 0 (345.861084 -679.779358 36.022388 ) (390.851685 -660.880676 36.001553 ) (349.192993 -638.304016 9.629914 ) (292.613098 -662.889526 10.195204 ) 
5 58 66 0 (256 -678.798950 10.561005 ) (256 -706.903687 29.068731 ) (274.129578 -709.910767 36.055603 ) (345.861084 -679.779358 36.022388 ) (292.613098 -662.889526 10.195204 ) 
3 58 64 0 (256 -706.903687 29.068731 ) (256 -717.526245 36.063999 ) (274.129578 -709.910767 36.055603 ) 
4 58 60 0 (256 -662.761658 0 ) (256 -678.798950 10.561005 ) (444.772125 -596.772217 8.674983 ) (396.817078 -603.709167 0 ) 
5 59 95 0 (256 -164.091492 160 ) (256 -128 153.088867 ) (256 -128 72.067589 ) (256 -447.563293 10.874607 ) (256 -228.062103 160 ) 
3 59 94 0 (256 -213.996109 169.556198 ) (256 -164.091492 160 ) (256 -228.062103 160 ) 
4 59 73 0 (412.007996 -515.241333 9.336173 ) (413.493073 -515.885681 9.321521 ) (412.009918 -475.966949 36.019073 ) (286.900879 -423.411591 36.080502 ) 
4 59 71 0 (256 -447.553284 10.875418 ) (412.007996 -515.241333 9.336173 ) (286.900879 -423.411591 36.080502 ) (256 -410.430878 36.095673 ) 
7 59 61 0 (473.958740 -501.990173 35.988655 ) (476.131683 -438.308044 79.871895 ) (456.890259 -373.108185 118.685600 ) (405.262695 -274.091400 171.247101 ) (384.128113 -245.132996 184.899673 ) (256 -213.988708 169.554779 ) (256 -410.430878 36.095673 ) 
3 60 95 0 (256 -623.646973 0 ) (256 -662.752686 0 ) (256 -678.786011 10.558527 ) 
4 60 74 0 (410.501068 -611.654297 9.016894 ) (411.990784 -611.006958 9.002011 ) (411.991730 -563.996094 0 ) (368.320984 -580.693726 0 ) 
4 60 72 0 (384.562653 -622.925171 9.276033 ) (410.501068 -611.654297 9.016894 ) (368.320984 -580.693726 0 ) (331.778503 -594.665833 0 ) 
4 60 70 0 (349.181427 -638.299194 9.629512 ) (384.562653 -622.925171 9.276033 ) (331.778503 -594.665833 0 ) (288.195984 -611.329712 0 ) 
5 60 68 0 (292.601318 -662.884705 10.194778 ) (349.181427 -638.299194 9.629512 ) (288.195984 -611.329712 0 ) (256 -623.639954 0 ) (256 -648.663696 4.791777 ) 
3 60 66 0 (256 -678.788940 10.560447 ) (292.601318 -662.884705 10.194778 ) (256 -648.663696 4.791777 ) 
3 61 95 0 (256 -228.062103 160 ) (256 -410.423706 36.106613 ) (256 -328.909973 160 ) 
4 61 94 0 (256 -310.468353 188.029602 ) (256 -213.996109 169.556198 ) (256 -228.062103 160 ) (256 -328.909973 160 ) 
4 61 75 0 (412 -475.964722 36.023296 ) (412.023743 -475.974731 36.023285 ) (411.995636 -450.264099 75.083206 ) (372.894531 -434.463470 74.152756 ) 
5 61 73 0 (286.872101 -423.401672 36.084515 ) (412 -475.964722 36.023296 ) (372.894531 -434.463470 74.152756 ) (256 -387.226746 71.371140 ) (256 -406.873505 41.509827 ) 
3 61 71 0 (256 -410.433075 36.099617 ) (286.872101 -423.401672 36.084515 ) (256 -406.873505 41.509827 ) 
8 61 63 0 (493.007568 -483 77.010956 ) (493.869781 -482.140503 78.868607 ) (489.928223 -452.828827 120.904991 ) (461.414612 -407.813232 171.133286 ) (418.075470 -364.478119 209.348862 ) (412 -361.953369 209.310211 ) (256 -310.472595 188.030411 ) (256 -387.226746 71.371140 ) 
4 62 95 0 (256 -664.603394 160 ) (256 -747.622314 102.088631 ) (256 -752.649841 128.343475 ) (256 -746.587952 160 ) 
6 62 94 0 (256 -721.839539 205.287918 ) (256 -719.647095 206.731720 ) (256 -583.300171 216.714569 ) (256 -664.603394 160 ) (256 -746.587952 160 ) (256 -744.507080 170.866867 ) 
3 62 78 0 (350 -626 212 ) (347.450073 -624.851135 212.120834 ) (350.171539 -622.459167 214.515305 ) 
4 62 76 0 (378 -598 239 ) (347.450073 -624.851135 212.120834 ) (256 -583.631653 216.483337 ) (256 -583.300232 216.714523 ) 
5 62 64 0 (412.002838 -653.947144 209.041428 ) (375.197449 -694.454102 170.968445 ) (306.993958 -731.516846 126.923615 ) (256 -747.622253 102.088036 ) (256 -583.631653 216.483337 ) 
3 63 95 0 (256 -328.909973 160 ) (256 -387.228943 71.360504 ) (256 -368.626678 160 ) 
4 63 94 0 (256 -360.724609 197.653137 ) (256 -310.468353 188.029602 ) (256 -328.909973 160 ) (256 -368.626678 160 ) 
3 63 79 0 (413.065338 -439.974121 126.200104 ) (412.050018 -439.553375 126.225800 ) (412 -440 124 ) 
3 63 77 0 (412.050018 -439.553375 126.225800 ) (383.925659 -427.898590 126.937553 ) (410.945007 -449.427032 77.024040 ) 
4 63 75 0 (372.914429 -434.474304 74.140091 ) (412.002655 -450.269745 75.070221 ) (383.925659 -427.898590 126.937553 ) (285.581482 -387.144562 129.426376 ) 
4 63 73 0 (256 -387.229553 71.358032 ) (372.914429 -434.474304 74.140091 ) (285.581482 -387.144562 129.426376 ) (256 -374.885956 130.175003 ) 
7 63 65 0 (498.857361 -475.526489 124.028938 ) (482.972534 -459.151825 171.089417 ) (440.996399 -432.204071 217.670654 ) (435.637268 -429.418243 220.498383 ) (412 -419.772888 220.382034 ) (256 -360.724701 197.653168 ) (256 -374.885956 130.175003 ) 
6 64 95 0 (256 -706.900757 29.073122 ) (256 -717.528931 36.072178 ) (256 -742.136169 73.438667 ) (256 -747.622314 102.088631 ) (256 -664.603394 160 ) (256 -620.783569 160 ) 
3 64 94 0 (256 -664.603394 160 ) (256 -583.631653 216.483337 ) (256 -620.783569 160 ) 
4 64 78 0 (347.451355 -624.848145 212.122421 ) (350 -625.996460 212 ) (330.957062 -644.983154 170.994507 ) (285.451538 -625.873474 171.035110 ) 
4 64 76 0 (256 -583.628662 216.484192 ) (347.451355 -624.848145 212.122421 ) (285.451538 -625.873474 171.035110 ) (256 -613.505554 171.061386 ) 
6 64 66 0 (411.998291 -679.015808 170.922180 ) (386.322662 -698.641235 124.715294 ) (335.622559 -709.911377 75.256523 ) (274.141968 -709.908264 36.063766 ) (256 -706.899170 29.072056 ) (256 -613.505554 171.061386 ) 
3 65 95 0 (256 -368.626648 160 ) (256 -374.885895 130.174835 ) (256 -381.192505 160 ) 
4 65 94 0 (256 -390.354095 203.326859 ) (256 -360.724609 197.653137 ) (256 -368.626648 160 ) (256 -381.192505 160 ) 
4 65 79 0 (412.050018 -439.552002 126.232544 ) (413.068542 -439.974091 126.206772 ) (412.003998 -448.983765 170.923767 ) (390.331726 -439.882629 170.904373 ) 
4 65 77 0 (383.921875 -427.895660 126.944382 ) (412.050018 -439.552002 126.232544 ) (390.331726 -439.882629 170.904373 ) (338.412750 -418.079620 170.857925 ) 
5 65 75 0 (285.570343 -387.138641 129.433350 ) (383.921875 -427.895660 126.944382 ) (338.412750 -418.079620 170.857925 ) (256 -383.470947 170.784210 ) (256 -377.759460 143.776047 ) 
3 65 73 0 (256 -374.884644 130.181686 ) (285.570343 -387.138641 129.433350 ) (256 -377.759460 143.776047 ) 
7 65 67 0 (493 -482.997314 170.996216 ) (492.990540 -483.008881 171.068878 ) (462.168457 -479.495789 215.635803 ) (440.123718 -472.964661 228.508575 ) (412 -461.115234 228.298660 ) (256 -390.352783 203.326614 ) (256 -383.470947 170.784210 ) 
5 66 95 0 (256 -648.663940 4.790477 ) (256 -678.786011 10.558527 ) (256 -706.900757 29.073122 ) (256 -620.783569 160 ) (256 -615.844482 160 ) 
3 66 94 0 (256 -620.783569 160 ) (256 -613.504395 171.066772 ) (256 -615.844482 160 ) 
4 66 80 0 (330.961670 -644.979553 171.003830 ) (330.998657 -644.995117 171.003799 ) (325.140320 -652.471130 124.022209 ) (297.994080 -641.221619 123.334953 ) 
5 66 78 0 (285.465851 -625.873840 171.044434 ) (330.961670 -644.979553 171.003830 ) (297.994080 -641.221619 123.334953 ) (256 -623.819092 122.271797 ) (256 -617.143921 153.838242 ) 
3 66 76 0 (256 -613.499878 171.070740 ) (285.465851 -625.873840 171.044434 ) (256 -617.143921 153.838242 ) 
7 66 68 0 (410.937592 -688.025940 126.194321 ) (410.886078 -688.461304 124.033264 ) (387.752380 -688.813538 76.446777 ) (345.868530 -679.778870 36.030365 ) (292.599854 -662.882690 10.192978 ) (256 -648.662231 4.790199 ) (256 -623.819092 122.271797 ) 
3 67 94 0 (256 -406.968475 206.508347 ) (256 -390.354095 203.326859 ) (256 -383.473755 170.788483 ) 
3 67 81 0 (412 -474.049835 209.039124 ) (391.374817 -464.753204 208.055389 ) (411.964020 -449.015106 171 ) 
4 67 79 0 (390.318268 -439.885132 170.919891 ) (411.997803 -448.989288 170.939240 ) (391.374817 -464.753204 208.055389 ) (354.075287 -447.941406 206.276443 ) 
4 67 77 0 (338.390686 -418.078583 170.873550 ) (390.318268 -439.885132 170.919891 ) (354.075287 -447.941406 206.276443 ) (287.813354 -418.075592 203.116165 ) 
4 67 75 0 (256 -383.479309 170.800034 ) (338.390686 -418.078583 170.873550 ) (287.813354 -418.075592 203.116165 ) (256 -403.736542 201.598877 ) 
6 67 69 0 (474 -501.994476 211.996094 ) (472.783752 -503.207336 214.615738 ) (443.289886 -503.694489 234.161194 ) (412 -490.406067 233.907547 ) (256 -406.965210 206.507736 ) (256 -403.736542 201.598877 ) 
4 68 95 0 (256 -598.158569 0 ) (256 -623.646973 0 ) (256 -648.663940 4.790477 ) (256 -623.820679 122.279083 ) 
3 68 84 0 (331 -645 76.998383 ) (329.959503 -644.578430 77.023155 ) (329.728241 -644.866394 78.846008 ) 
3 68 82 0 (329.959503 -644.578430 77.023155 ) (309.440552 -636.286804 77.511398 ) (324.309021 -651.613647 121.560822 ) 
4 68 80 0 (298.005676 -641.228271 123.348335 ) (325.144196 -652.474548 124.035118 ) (309.440552 -636.286804 77.511398 ) (257.807495 -615.422058 78.740005 ) 
4 68 78 0 (256 -623.821045 122.285316 ) (298.005676 -641.228271 123.348335 ) (257.807495 -615.422058 78.740005 ) (256 -614.691650 78.783012 ) 
6 68 70 0 (411.998535 -677.730225 75.071045 ) (390.853638 -660.882629 36.009750 ) (349.179016 -638.297363 9.627670 ) (288.205200 -611.333008 0 ) (256 -598.158203 0 ) (256 -614.691650 78.783012 ) 
4 69 94 0 (256 -411.416199 206.955994 ) (256 -408 206.705872 ) (256 -406.968475 206.508347 ) (256 -403.741638 201.602448 ) 
3 69 83 0 (411.996277 -517.001404 239 ) (387.762573 -500.723480 234.108658 ) (409.011108 -477.338196 212.128677 ) 
4 69 81 0 (391.372528 -464.754059 208.054932 ) (411.998260 -474.050629 209.038681 ) (387.762573 -500.723480 234.108658 ) (359.775391 -481.924377 228.459702 ) 
4 69 79 0 (354.073334 -447.942322 206.275940 ) (391.372528 -464.754059 208.054932 ) (359.775391 -481.924377 228.459702 ) (323.540802 -457.585449 221.146088 ) 
4 69 77 0 (287.812012 -418.076569 203.115601 ) (354.073334 -447.942322 206.275940 ) (323.540802 -457.585449 221.146088 ) (269.325562 -421.168823 210.203232 ) 
5 69 75 0 (256 -403.738037 201.598328 ) (287.812012 -418.076569 203.115601 ) (269.325562 -421.168823 210.203232 ) (268.848358 -420.848267 210.106903 ) (256 -411.418915 206.956192 ) 
3 70 95 0 (256 -562.857544 0 ) (256 -598.158569 0 ) (256 -614.692749 78.784706 ) 
4 70 84 0 (329.960510 -644.574768 77.009834 ) (331.009369 -644.998596 76.984879 ) (350.029663 -626.020935 36.005787 ) (326.114655 -615.974854 35.994083 ) 
4 70 82 0 (309.435455 -636.280640 77.498245 ) (329.960510 -644.574768 77.009834 ) (326.114655 -615.974854 35.994083 ) (285.863190 -599.066223 35.974380 ) 
5 70 80 0 (257.795197 -615.412964 78.727066 ) (309.435455 -636.280640 77.498245 ) (285.863190 -599.066223 35.974380 ) (256 -586.521423 35.959763 ) (256 -613.617981 77.144104 ) 
3 70 78 0 (256 -614.687561 78.769783 ) (257.795197 -615.412964 78.727066 ) (256 -613.617981 77.144104 ) 
6 70 72 0 (411.964996 -652.038452 36.036102 ) (411.964966 -652.014648 36 ) (384.555176 -622.925476 9.274166 ) (331.781677 -594.671814 0 ) (256 -569.663513 10.337280 ) (256 -586.521423 35.959763 ) 
3 70 71 0 (331.781677 -594.671814 0 ) (256 -562.862244 0 ) (256 -569.663513 10.337280 ) 
6 71 95 0 (256 -406.868042 41.510872 ) (256 -410.423706 36.106613 ) (256 -447.563293 10.874607 ) (256 -504.352905 0 ) (256 -562.857544 0 ) (256 -569.659302 10.338074 ) 
5 71 85 0 (411.989807 -563.996033 0 ) (411.989807 -563.977051 0.003632 ) (379.248474 -531.234863 8.670511 ) (336.350433 -549.874817 8.242167 ) (344.449219 -563.996338 4.945141 ) 
4 71 84 0 (336.350433 -549.874817 8.242167 ) (309.255951 -561.647827 7.971625 ) (310.317780 -563.996521 7.444154 ) (344.449219 -563.996338 4.945141 ) 
3 71 82 0 (309.255951 -561.647827 7.971625 ) (303.850739 -563.996521 7.917653 ) (310.317780 -563.996521 7.444154 ) 
5 71 74 0 (368.326630 -580.695129 0 ) (411.989807 -564 0 ) (411.989807 -563.996033 0 ) (303.850739 -563.996521 7.917653 ) (302.336243 -564.654602 7.902531 ) 
6 71 73 0 (411.988190 -517.008911 8.997422 ) (411.988129 -515.243042 9.335565 ) (286.824768 -423.372314 36.091599 ) (256 -406.869507 41.508560 ) (256 -553.391479 13.451893 ) (302.336243 -564.654602 7.902531 ) 
4 71 72 0 (256 -569.658569 10.337006 ) (331.783936 -594.667664 0 ) (368.326630 -580.695129 0 ) (256 -553.391479 13.451893 ) 
3 72 95 0 (256 -553.393005 13.452900 ) (256 -569.659302 10.338074 ) (256 -586.512939 35.954041 ) 
4 72 86 0 (379.509064 -598.647339 9.013481 ) (356.651672 -588.730042 8.787964 ) (351.318298 -588.068054 9.857722 ) (350.028625 -625.964355 35.971310 ) 
3 72 85 0 (356.651672 -588.730042 8.787964 ) (351.373688 -586.440063 8.735889 ) (351.318298 -588.068054 9.857722 ) 
4 72 84 0 (326.112457 -615.969910 35.995014 ) (350.026886 -626.015747 36.006714 ) (351.373688 -586.440063 8.735889 ) (312.409546 -569.534424 8.351460 ) 
5 72 82 0 (301.138306 -564.644104 8.240254 ) (267.802490 -564.426270 17.589735 ) (285.861389 -599.061462 35.975323 ) (326.112457 -615.969910 35.995014 ) (312.409546 -569.534424 8.351460 ) 
4 72 80 0 (267.802490 -564.426270 17.589735 ) (256 -564.349121 20.899908 ) (256 -586.517456 35.960712 ) (285.861389 -599.061462 35.975323 ) 
5 72 74 0 (368.337097 -580.695435 0 ) (302.334351 -564.651917 7.904807 ) (301.138306 -564.644104 8.240254 ) (410.524048 -612.104065 9.319483 ) (410.507141 -611.648682 9.014915 ) 
3 72 73 0 (302.334351 -564.651917 7.904807 ) (256 -553.389221 13.453919 ) (256 -564.349121 20.899908 ) 
6 73 95 0 (256 -377.761597 143.774628 ) (256 -374.885895 130.174835 ) (256 -387.228943 71.360504 ) (256 -406.868042 41.510872 ) (256 -553.393005 13.452900 ) (256 -564.351807 20.898140 ) 
4 73 87 0 (350.015228 -502.030914 35.980881 ) (305.852753 -520.581848 35.960251 ) (344.280853 -536.302612 14.995399 ) (377.340240 -531.520447 9.015011 ) 
4 73 86 0 (305.852753 -520.581848 35.960251 ) (305.808990 -520.600220 35.960232 ) (325.085022 -539.079407 18.467897 ) (344.280853 -536.302612 14.995399 ) 
3 73 85 0 (336.353516 -549.882080 8.242118 ) (379.244049 -531.245056 8.670615 ) (325.085022 -539.079407 18.467897 ) 
4 73 84 0 (309.259064 -561.655334 7.971431 ) (336.353516 -549.882080 8.242118 ) (305.808990 -520.600220 35.960232 ) (289.848358 -527.304626 35.952778 ) 
6 73 82 0 (267.805756 -564.434570 17.588638 ) (301.131531 -564.652283 8.242311 ) (303.862427 -564 7.917516 ) (309.259064 -561.655334 7.971431 ) (289.848358 -527.304626 35.952778 ) (260.847717 -539.486633 35.939232 ) 
4 73 80 0 (256 -564.357422 20.899609 ) (267.805756 -564.434570 17.588638 ) (260.847717 -539.486633 35.939232 ) (256 -541.522949 35.936966 ) 
6 73 75 0 (412.009583 -475.989502 36.009838 ) (412.008453 -475.958954 36.030277 ) (372.920563 -434.476288 74.142586 ) (285.591827 -387.148834 129.426086 ) (256 -377.762604 143.779327 ) (256 -541.522949 35.936966 ) 
3 73 74 0 (301.131531 -564.652283 8.242311 ) (302.343750 -564.660217 7.902344 ) (303.862427 -564 7.917516 ) 
3 74 88 0 (412 -563.998047 0 ) (376.773041 -579.738464 5.593368 ) (379.235840 -596.761719 8.672686 ) 
3 74 86 0 (376.773041 -579.738464 5.593368 ) (356.652740 -588.728577 8.787863 ) (379.508301 -598.645081 9.013365 ) 
4 74 85 0 (412 -563.998047 0 ) (344.449280 -563.998047 4.946131 ) (351.372772 -586.437744 8.735768 ) (356.652740 -588.728577 8.787863 ) 
4 74 84 0 (344.449280 -563.998047 4.946131 ) (310.318207 -563.998047 7.445077 ) (312.408600 -569.532043 8.351332 ) (351.372772 -586.437744 8.735768 ) 
4 74 82 0 (310.318207 -563.998047 7.445077 ) (303.859375 -563.998047 7.917969 ) (301.148438 -564.646484 8.240234 ) (312.408600 -569.532043 8.351332 ) 
4 75 95 0 (256 -381.192505 160 ) (256 -377.761597 143.774628 ) (256 -541.529114 35.927719 ) (256 -459.822998 160 ) 
6 75 94 0 (256 -428.096497 208.177261 ) (256 -411.416199 206.955994 ) (256 -403.741638 201.602448 ) (256 -383.473755 170.788483 ) (256 -381.192505 160 ) (256 -459.822998 160 ) 
3 75 91 0 (331.133392 -481.729126 78.841721 ) (330.137573 -482.132141 78.864456 ) (331.001007 -482.997528 77 ) 
3 75 89 0 (330.137573 -482.132141 78.864456 ) (286.331726 -499.861237 79.864464 ) (349.988403 -502.027405 36 ) 
5 75 87 0 (305.812103 -520.599976 35.955364 ) (350.023590 -502.028595 35.975838 ) (286.331726 -499.861237 79.864464 ) (272.450500 -505.479248 80.181351 ) (274.207581 -507.683411 75.714325 ) 
3 75 84 0 (289.849518 -527.305176 35.947971 ) (305.812103 -520.599976 35.955364 ) (274.207581 -507.683411 75.714325 ) 
4 75 82 0 (260.847351 -539.487793 35.934540 ) (289.849518 -527.305176 35.947971 ) (272.450500 -505.479248 80.181351 ) (257.627838 -511.478271 80.519722 ) 
4 75 80 0 (256 -541.523987 35.932297 ) (260.847351 -539.487793 35.934540 ) (257.627838 -511.478271 80.519722 ) (256 -512.137085 80.556885 ) 
9 75 77 0 (410.944885 -449.427826 77.019775 ) (383.923370 -427.897614 126.937469 ) (338.403900 -418.078644 170.862076 ) (287.801910 -418.076050 203.119919 ) (269.327820 -421.166199 210.202881 ) (269.213654 -421.213623 210.203613 ) (266.588684 -422.580566 209.801041 ) (256 -433.413452 200.100357 ) (256 -512.137085 80.556885 ) 
3 75 76 0 (266.588684 -422.580566 209.801041 ) (256 -428.094604 208.177139 ) (256 -433.413452 200.100357 ) 
3 76 95 0 (256 -592.672424 160 ) (256 -617.147583 153.837311 ) (256 -615.844482 160 ) 
8 76 94 0 (256 -583.300171 216.714569 ) (256 -564 218.127655 ) (256 -428.096497 208.177261 ) (256 -433.415833 200.099762 ) (256 -592.672424 160 ) (256 -615.844482 160 ) (256 -613.504395 171.066772 ) (256 -583.631653 216.483337 ) 
5 76 90 0 (343.793976 -533.524109 232.707932 ) (365 -563.998962 239 ) (325.335144 -566.984375 212.127029 ) (304.268555 -519.928040 210.102386 ) (313.621735 -520.042908 216.232880 ) 
3 76 83 0 (334.591858 -520.300476 229.977631 ) (343.793976 -533.524109 232.707932 ) (313.621735 -520.042908 216.232880 ) 
4 76 81 0 (319.305664 -498.333832 225.442169 ) (334.591858 -520.300476 229.977631 ) (304.268555 -519.928040 210.102386 ) (297.354156 -504.483398 209.437866 ) 
4 76 79 0 (298.370331 -468.249237 219.230576 ) (319.305664 -498.333832 225.442169 ) (297.354156 -504.483398 209.437866 ) (284.599243 -475.992828 208.212021 ) 
6 76 78 0 (350.171753 -622.461731 214.514008 ) (347.452545 -624.851807 212.121490 ) (285.462433 -625.876831 171.040634 ) (256 -617.147766 153.836487 ) (256 -492.074341 185.329163 ) (284.599243 -475.992828 208.212021 ) 
4 76 77 0 (256 -433.412476 200.099838 ) (266.589233 -422.579041 209.801025 ) (298.370331 -468.249237 219.230576 ) (256 -492.074341 185.329163 ) 
3 77 95 0 (256 -459.822998 160 ) (256 -512.136292 80.561295 ) (256 -496.924591 160 ) 
4 77 94 0 (256 -433.415833 200.099762 ) (256 -459.822998 160 ) (256 -496.924591 160 ) (256 -492.074158 185.329971 ) 
4 77 91 0 (330.138702 -482.133575 78.861870 ) (331.133118 -481.731110 78.839172 ) (324.384125 -476.310638 121.564163 ) (300.820129 -486.076080 120.908195 ) 
5 77 89 0 (286.335480 -499.861603 79.861839 ) (330.138702 -482.133575 78.861870 ) (300.820129 -486.076080 120.908195 ) (263.278809 -501.634033 119.863129 ) (270.321259 -504.587311 89.395264 ) 
3 77 87 0 (272.451569 -505.480682 80.178795 ) (286.335480 -499.861603 79.861839 ) (270.321259 -504.587311 89.395264 ) 
4 77 82 0 (257.628082 -511.480042 80.517197 ) (272.451569 -505.480682 80.178795 ) (263.278809 -501.634033 119.863129 ) (261.354095 -502.431671 119.809547 ) 
4 77 80 0 (256 -504.650513 119.660500 ) (256 -512.138977 80.554367 ) (257.628082 -511.480042 80.517197 ) (261.354095 -502.431671 119.809547 ) 
10 77 79 0 (298.374298 -468.248688 219.231308 ) (284.598328 -475.994904 208.209351 ) (256 -498.789734 150.266525 ) (256 -504.650513 119.660500 ) (412.001678 -440 124.003250 ) (412.051575 -439.553986 126.225754 ) (390.329132 -439.884155 170.908325 ) (354.077972 -447.942413 206.271835 ) (323.535858 -457.588623 221.146317 ) (310.790558 -462.790558 221.209259 ) 
3 77 78 0 (284.598328 -475.994904 208.209351 ) (256 -492.075745 185.328201 ) (256 -498.789734 150.266525 ) 
7 78 95 0 (256 -613.614746 77.146194 ) (256 -614.692749 78.784706 ) (256 -623.820679 122.279083 ) (256 -617.147583 153.837311 ) (256 -592.672424 160 ) (256 -496.924591 160 ) (256 -498.788269 150.267456 ) 
3 78 94 0 (256 -592.672424 160 ) (256 -492.074158 185.329971 ) (256 -496.924591 160 ) 
4 78 92 0 (297.018188 -564.041077 171.004761 ) (287.447052 -541.248169 170.985291 ) (288.971985 -533.947693 177.949799 ) (322.052734 -564.004944 209.042664 ) 
3 78 91 0 (287.447052 -541.248169 170.985291 ) (281.549469 -527.203552 170.973297 ) (288.971985 -533.947693 177.949799 ) 
5 78 90 0 (304.272491 -519.930969 210.109268 ) (325.341919 -566.993530 212.134201 ) (281.549469 -527.203552 170.973297 ) (273.176239 -507.263336 170.956268 ) (273.278046 -507.251617 171.118332 ) 
3 78 81 0 (297.356842 -504.483551 209.444626 ) (304.272491 -519.930969 210.109268 ) (273.278046 -507.251617 171.118332 ) 
7 78 80 0 (330.992371 -644.948120 171.073883 ) (330.958069 -644.982361 171 ) (297.996948 -641.224304 123.341873 ) (257.805481 -615.422363 78.741760 ) (256 -613.617065 77.149742 ) (256 -509.237915 143.616760 ) (273.176239 -507.263336 170.956268 ) 
4 78 79 0 (256 -498.789948 150.269852 ) (284.601563 -475.992188 208.218750 ) (297.356842 -504.483551 209.444626 ) (256 -509.237915 143.616760 ) 
3 79 95 0 (256 -509.237274 143.613556 ) (256 -498.788269 150.267456 ) (256 -504.649841 119.657059 ) 
3 79 93 0 (331 -482.998901 171 ) (315.085236 -485.330719 148.290192 ) (323.526978 -477.141541 124.028847 ) 
3 79 92 0 (331.047485 -482.992004 171.067093 ) (307.152954 -493.025696 171.087418 ) (315.085236 -485.330719 148.290192 ) 
6 79 91 0 (270.010162 -505.968719 157.260162 ) (269.647491 -505.820496 155.691040 ) (300.813416 -486.079559 120.916092 ) (324.381744 -476.312317 121.572227 ) (307.152954 -493.025696 171.087418 ) (292.436157 -499.205505 171.099930 ) 
4 79 90 0 (273.276703 -507.250854 171.116226 ) (273.175720 -507.262451 170.955490 ) (270.010162 -505.968719 157.260162 ) (292.436157 -499.205505 171.099930 ) 
4 79 89 0 (269.647491 -505.820496 155.691040 ) (262.714996 -502.987274 125.698601 ) (263.277771 -501.635162 119.871101 ) (300.813416 -486.079559 120.916092 ) 
3 79 82 0 (262.714996 -502.987274 125.698601 ) (261.355652 -502.431732 119.817589 ) (263.277771 -501.635162 119.871101 ) 
7 79 81 0 (297.351563 -504.483398 209.437500 ) (273.276703 -507.250854 171.116226 ) (411.961548 -449.014984 170.998276 ) (391.366943 -464.756836 208.061462 ) (359.781281 -481.921021 228.459457 ) (338.770294 -490.770294 228.615662 ) (319.298706 -498.335602 225.440964 ) 
4 79 80 0 (273.175720 -507.262451 170.955490 ) (256 -509.236847 143.615936 ) (256 -504.651245 119.668488 ) (261.355652 -502.431732 119.817589 ) 
7 80 95 0 (256 -512.136292 80.561295 ) (256 -541.529114 35.927719 ) (256 -564.351807 20.898140 ) (256 -586.512939 35.954041 ) (256 -613.614746 77.146194 ) (256 -509.237274 143.613556 ) (256 -504.649841 119.657059 ) 
3 80 93 0 (287.975281 -562.931824 126.199989 ) (287.706055 -551.853882 149.077148 ) (296.986664 -563.995422 170.927719 ) 
3 80 92 0 (287.448151 -541.242981 170.989914 ) (297.021332 -564.040771 171.009354 ) (287.706055 -551.853882 149.077148 ) 
6 80 91 0 (269.649445 -505.821014 155.687729 ) (270.013489 -505.969788 157.262741 ) (281.554535 -527.207764 170.977951 ) (287.448151 -541.242981 170.989914 ) (288.001251 -564 123.993729 ) (276.866699 -537.132568 124.741798 ) 
3 80 90 0 (270.013489 -505.969788 157.262741 ) (273.179688 -507.263672 170.960938 ) (281.554535 -527.207764 170.977951 ) 
3 80 89 0 (262.716370 -502.987793 125.692482 ) (269.649445 -505.821014 155.687729 ) (276.866699 -537.132568 124.741798 ) 
8 80 82 0 (260.851135 -539.493774 35.928391 ) (257.630859 -511.478516 80.523438 ) (261.355469 -502.431641 119.804688 ) (262.716370 -502.987793 125.692482 ) (324.310272 -651.613708 121.554321 ) (309.444519 -636.289551 77.513023 ) (285.860657 -599.056702 35.968674 ) (267.805725 -564.429016 17.587090 ) 
4 81 92 0 (307.149719 -493.029175 171.096054 ) (331.053284 -482.991669 171.075668 ) (350.001984 -501.995483 212 ) (302.862518 -499.707275 178.506866 ) 
3 81 91 0 (292.449951 -499.201843 171.108597 ) (307.149719 -493.029175 171.096054 ) (302.862518 -499.707275 178.506866 ) 
5 81 90 0 (304.265625 -519.925781 210.101563 ) (273.283875 -507.250000 171.124939 ) (292.449951 -499.201843 171.108597 ) (353.536011 -502.167023 214.511124 ) (313.613922 -520.040588 216.229401 ) 
5 81 83 0 (409.012695 -477.329468 212.123352 ) (387.759399 -500.719025 234.107544 ) (360.357086 -512.357056 234.329803 ) (334.585327 -520.298096 229.976196 ) (313.613922 -520.040588 216.229401 ) 
4 82 91 0 (276.862762 -537.130066 124.749443 ) (287.998993 -564.001770 124.001328 ) (297.426941 -565.055054 77.024132 ) (297 -564 77 ) 
6 82 89 0 (270.320984 -504.588226 89.395180 ) (263.277344 -501.634766 119.867188 ) (262.713898 -502.988892 125.699936 ) (276.862762 -537.130066 124.749443 ) (297 -564 77 ) (281.262909 -525.116821 76.112770 ) 
4 82 87 0 (274.207581 -507.684448 75.714981 ) (272.451172 -505.481445 80.179688 ) (270.320984 -504.588226 89.395180 ) (281.262909 -525.116821 76.112770 ) 
8 82 84 0 (289.853668 -527.308594 35.943462 ) (274.207581 -507.684448 75.714981 ) (329.729034 -644.867310 78.845375 ) (329.960114 -644.579773 77.024734 ) (326.114410 -615.966248 35.988297 ) (312.417999 -569.548279 8.354851 ) (310.320984 -563.996399 7.445273 ) (309.257599 -561.644348 7.973528 ) 
4 83 90 0 (343.795532 -533.530579 232.708694 ) (313.610138 -520.044067 216.225708 ) (353.529541 -502.172577 214.508118 ) (377.997711 -530.005981 239 ) 
3 84 91 0 (297.010345 -564.002625 76.982544 ) (297.433472 -565.048096 77.006409 ) (298.267609 -564.001221 75.072510 ) 
3 84 89 0 (281.280426 -525.136414 76.095268 ) (297.010345 -564.002625 76.982544 ) (323.966736 -563.972778 36.030361 ) 
4 84 87 0 (305.758087 -520.580688 36.022270 ) (274.220154 -507.691589 75.697021 ) (281.280426 -525.136414 76.095268 ) (323.996765 -564 36.002174 ) 
5 84 86 0 (305.814850 -520.603882 35.950863 ) (305.758087 -520.580688 36.022270 ) (350.028992 -625.973145 35.973495 ) (351.319061 -588.072937 9.857214 ) (325.078613 -539.070984 18.469738 ) 
5 84 85 0 (351.319061 -588.072937 9.857214 ) (351.374451 -586.446045 8.736145 ) (344.450012 -564.002258 4.945341 ) (336.346924 -549.873291 8.244167 ) (325.078613 -539.070984 18.469738 ) 
3 85 88 0 (376.774170 -579.741821 5.593539 ) (412.001129 -564.001953 0 ) (365.002167 -564.005005 9 ) 
3 85 87 0 (377.343628 -531.509216 9.015915 ) (344.272217 -536.293213 14.998474 ) (363.889740 -562.517883 9.321848 ) 
5 85 86 0 (325.073761 -539.070435 18.471443 ) (351.314667 -588.073425 9.858762 ) (356.646454 -588.735168 8.789327 ) (376.774170 -579.741821 5.593539 ) (344.272217 -536.293213 14.998474 ) 
3 86 88 0 (376.781250 -579.750000 5.593750 ) (365.014191 -564.018799 8.998659 ) (379.242889 -596.763062 8.671430 ) 
5 86 87 0 (363.887817 -562.513000 9.324583 ) (344.272888 -536.290100 15 ) (305.875580 -520.578430 35.950912 ) (305.745117 -520.576843 36.036400 ) (323.980682 -563.988831 36.016296 ) 
5 87 89 0 (281.263489 -525.117676 76.112732 ) (323.967377 -563.970825 36.030613 ) (349.986176 -502.028778 36.002636 ) (286.325592 -499.862854 79.869080 ) (270.320343 -504.585938 89.397034 ) 
7 89 91 0 (297 -563.997620 76.998413 ) (298.270935 -563.996216 75.066643 ) (331 -483.004272 76.993805 ) (330.131134 -482.133942 78.868958 ) (300.819031 -486.075867 120.904640 ) (269.646637 -505.820801 155.685883 ) (276.862274 -537.124634 124.748161 ) 
4 90 92 0 (302.857819 -499.716187 178.511887 ) (350.005066 -502.005035 212.010803 ) (322.059601 -564.001648 209.050995 ) (288.974365 -533.939819 177.953644 ) 
5 90 91 0 (281.542969 -527.187500 170.968750 ) (270.011719 -505.968750 157.265625 ) (292.429016 -499.209900 171.102066 ) (302.857819 -499.716187 178.511887 ) (288.974365 -533.939819 177.953644 ) 
4 91 93 0 (323.526672 -477.142639 124.029755 ) (315.084564 -485.331787 148.289825 ) (287.704681 -551.856506 149.076736 ) (287.974213 -562.934631 126.200615 ) 
6 91 92 0 (315.084564 -485.331787 148.289825 ) (307.150726 -493.027893 171.089340 ) (302.862213 -499.707764 178.501907 ) (288.971344 -533.948975 177.944809 ) (287.446594 -541.249207 170.980652 ) (287.704681 -551.856506 149.076736 ) 
4 92 93 0 (287.705048 -551.855530 149.080734 ) (315.084045 -485.332764 148.293777 ) (331.001099 -483 171.006882 ) (296.986816 -563.998474 170.934464 ) 
4 94 95 0 (224 -960 160 ) (224 -96 160 ) (256 -96 160 ) (256 -960 160 ) 
4 94 96 0 (224 -960 160 ) (224 -960 384 ) (224 -64 384 ) (224 -64 160 ) 
4 95 96 0 (224 -960 0 ) (224 -960 160 ) (224 -96 160 ) (224 -96 0 ) 
3 96 107 0 (0 -64 121.600006 ) (0 -64 0 ) (0 -197 0 ) 
5 96 106 0 (0 -960 384 ) (0 -64 384 ) (0 -64 121.600006 ) (0 -197 0 ) (0 -960 0 ) 
3 97 103 0 (-648 586 160 ) (-648 666 160 ) (-568 666 160 ) 
3 97 102 0 (-568 390 160 ) (-648 390 160 ) (-648 470 160 ) 
3 97 101 0 (-371 390 160 ) (-452 390 160 ) (-371 471 160 ) 
3 97 100 0 (-452 666 160 ) (-371 666 160 ) (-371 585 160 ) 
4 97 99 0 (-648 666 160 ) (-648 960 160 ) (-371 960 160 ) (-371 666 160 ) 
4 97 98 0 (0 390 160 ) (-371 390 160 ) (-371 960 160 ) (0 960 160 ) 
4 97 104 0 (-648 960 384 ) (-648 960 160 ) (-648 390 160 ) (-648 390 384 ) 
4 97 105 0 (0 390 160 ) (0 390 384 ) (-648 390 384 ) (-648 390 160 ) 
4 98 101 0 (-371 390 0 ) (-371 390 160 ) (-371 471 160 ) (-371 471 0 ) 
4 98 100 0 (-371 585 160 ) (-371 666 160 ) (-371 666 0 ) (-371 585 0 ) 
4 98 99 0 (-371 666 160 ) (-371 960 160 ) (-371 960 0 ) (-371 666 0 ) 
4 98 105 0 (-371 390 0 ) (0 390 0 ) (0 390 160 ) (-371 390 160 ) 
4 99 103 0 (-568 666 160 ) (-648 666 160 ) (-648 666 0 ) (-568 666 0 ) 
4 99 100 0 (-371 666 0 ) (-371 666 160 ) (-452 666 160 ) (-452 666 0 ) 
4 99 104 0 (-648 960 160 ) (-648 960 0 ) (-648 666 0 ) (-648 666 160 ) 
4 101 105 0 (-452 390 0 ) (-371 390 0 ) (-371 390 160 ) (-452 390 160 ) 
4 102 105 0 (-648 390 0 ) (-568 390 0 ) (-568 390 160 ) (-648 390 160 ) 
4 102 104 0 (-648 470 0 ) (-648 390 0 ) (-648 390 160 ) (-648 470 160 ) 
4 103 104 0 (-648 666 0 ) (-648 586 0 ) (-648 586 160 ) (-648 666 160 ) 
4 104 105 0 (-960 390 384 ) (-960 390 0 ) (-648 390 0 ) (-648 390 384 ) 
4 105 108 0 (-960 0 0 ) (-426.747925 0 0 ) (-735.399963 0 384 ) (-960 0 384 ) 
5 105 107 0 (-426.747925 0 0 ) (0 0 0 ) (0 0 180.114288 ) (-223 0 384 ) (-735.399963 0 384 ) 
3 105 106 0 (0 0 180.114288 ) (0 0 384 ) (-223 0 384 ) 
7 106 109 0 (-396.141418 -593.149231 0 ) (-762.992188 -960 0 ) (-960 -960 180.117188 ) (-960 -737.003174 384 ) (-767.269409 -544.272583 384 ) (-433.003479 -455.003387 160.005463 ) (-432.994141 -455.005859 159.994659 ) 
3 106 108 0 (-767.269409 -544.272583 384 ) (-626.811279 -403.814392 384 ) (-433.003479 -455.003387 160.005463 ) 
5 106 107 0 (0 -197.007813 0 ) (-294.561279 -491.569092 0 ) (-626.811279 -403.814392 384 ) (-222.996948 0 384 ) (0 0 180.119385 ) 
5 107 108 0 (-432.993469 -454.994751 159.991241 ) (-626.812988 -403.804688 384 ) (-735.399109 0 384 ) (-426.746948 0 0 ) (-331.419647 -354.498505 0 ) 
5 108 110 0 (-432.995087 -454.995148 160 ) (-432.997528 -454.997559 160.003922 ) (-960 -313.073120 158.998474 ) (-960 -186.169556 0 ) (-470.303467 -317.303467 0 ) 
5 108 109 0 (-432.997528 -454.997559 160.003922 ) (-433 -455 160.007813 ) (-767.260315 -544.268799 384 ) (-960 -492.656555 384 ) (-960 -313.073120 158.998474 ) 
3 109 111 0 (-433.003357 -455 159.996078 ) (-533.916016 -555.831726 0 ) (-671.554321 -518.554260 0 ) 
4 109 110 0 (-960 -313.074219 158.990677 ) (-433.003357 -455 159.996078 ) (-671.554321 -518.554260 0 ) (-960 -440.432739 0 ) 
4 110 111 0 (-433.015625 -454.998047 159.992188 ) (-671.561340 -518.552307 0 ) (-571.317688 -418.308807 0 ) (-433.018188 -454.988525 159.981140 ) 
4 0 (832 960 128 ) (960 960 128 ) (960 576 128 ) (832 576 128 ) 
4 0 (640 960 128 ) (640 960 384 ) (960 960 384 ) (960 960 128 ) 
4 0 (960 960 384 ) (640 960 384 ) (640 576 384 ) (960 576 384 ) 
4 0 (960 576 384 ) (960 576 128 ) (960 960 128 ) (960 960 384 ) 
4 1 (800 960 112 ) (832 960 112 ) (832 576 112 ) (800 576 112 ) 
4 1 (832 960 112 ) (672 960 112 ) (672 960 128 ) (832 960 128 ) 
4 1 (832 960 112 ) (832 960 128 ) (832 576 128 ) (832 576 112 ) 
4 2 (768 960 96 ) (800 960 96 ) (800 576 96 ) (768 576 96 ) 
4 2 (704 960 96 ) (704 960 112 ) (800 960 112 ) (800 960 96 ) 
4 2 (800 960 96 ) (800 960 112 ) (800 576 112 ) (800 576 96 ) 
4 3 (768 960 80 ) (736 960 80 ) (736 960 96 ) (768 960 96 ) 
4 3 (768 960 80 ) (768 960 96 ) (768 576 96 ) (768 576 80 ) 
4 3 (736 576 80 ) (736 960 80 ) (768 960 80 ) (768 576 80 ) 
4 4 (736 960 80 ) (736 576 80 ) (736 576 64 ) (736 960 64 ) 
4 4 (736 960 64 ) (704 960 64 ) (704 960 96 ) (736 960 96 ) 
4 4 (704 576 64 ) (704 960 64 ) (736 960 64 ) (736 576 64 ) 
4 5 (704 960 64 ) (704 576 64 ) (704 576 48 ) (704 960 48 ) 
4 5 (704 960 112 ) (704 960 48 ) (672 960 48 ) (672 960 112 ) 
4 5 (672 576 48 ) (672 960 48 ) (704 960 48 ) (704 576 48 ) 
4 6 (672 960 48 ) (672 576 48 ) (672 576 32 ) (672 960 32 ) 
4 6 (672 960 32 ) (640 960 32 ) (640 960 128 ) (672 960 128 ) 
4 6 (640 576 32 ) (640 960 32 ) (672 960 32 ) (672 576 32 ) 
4 7 (640 576 32 ) (640 576 0 ) (640 960 0 ) (640 960 32 ) 
4 7 (640 576 0 ) (0 576 0 ) (0 960 0 ) (640 960 0 ) 
4 7 (640 960 384 ) (0 960 384 ) (0 576 384 ) (640 576 384 ) 
4 7 (0 960 384 ) (640 960 384 ) (640 960 0 ) (0 960 0 ) 
4 8 (960 32 128 ) (960 32 160 ) (832 32 160 ) (832 32 128 ) 
4 8 (832 64 128 ) (832 256 128 ) (960 256 128 ) (960 64 128 ) 
4 8 (832 320 128 ) (832 576 128 ) (960 576 128 ) (960 320 128 ) 
4 8 (960 32 384 ) (960 576 384 ) (832 576 384 ) (832 32 384 ) 
4 8 (960 576 128 ) (960 576 384 ) (960 32 384 ) (960 32 128 ) 
4 9 (832 320 128 ) (960 320 128 ) (960 320 0 ) (832 320 0 ) 
4 9 (960 320 128 ) (960 256 128 ) (960 256 0 ) (960 320 0 ) 
4 9 (832 256 0 ) (832 320 0 ) (960 320 0 ) (960 256 0 ) 
4 9 (832 256 0 ) (960 256 0 ) (960 256 128 ) (832 256 128 ) 
4 10 (832 32 0 ) (960 32 0 ) (960 32 128 ) (832 32 128 ) 
4 10 (832 64 128 ) (960 64 128 ) (960 64 0 ) (832 64 0 ) 
4 10 (960 64 128 ) (960 32 128 ) (960 32 0 ) (960 64 0 ) 
4 10 (832 32 0 ) (832 64 0 ) (960 64 0 ) (960 32 0 ) 
4 11 (960 32 384 ) (832 32 384 ) (832 0 384 ) (960 0 384 ) 
4 11 (960 32 160 ) (960 32 384 ) (960 0 384 ) (960 0 160 ) 
4 11 (832 0 160 ) (832 32 160 ) (960 32 160 ) (960 0 160 ) 
4 12 (448 0 0 ) (512 0 0 ) (512 0 160 ) (448 0 160 ) 
4 12 (704 0 0 ) (768 0 0 ) (768 0 160 ) (704 0 160 ) 
4 12 (0 576 0 ) (832 576 0 ) (832 0 0 ) (0 0 0 ) 
4 12 (832 32 160 ) (832 0 160 ) (832 0 0 ) (832 32 0 ) 
4 12 (832 256 128 ) (832 64 128 ) (832 64 0 ) (832 256 0 ) 
4 12 (832 320 128 ) (832 320 0 ) (832 576 0 ) (832 576 128 ) 
4 12 (640 576 32 ) (832 576 32 ) (832 576 0 ) (640 576 0 ) 
4 12 (832 576 48 ) (832 576 32 ) (672 576 32 ) (672 576 48 ) 
4 12 (800 576 112 ) (832 576 112 ) (832 576 48 ) (800 576 48 ) 
4 12 (704 576 64 ) (800 576 64 ) (800 576 48 ) (704 576 48 ) 
4 12 (768 576 64 ) (768 576 96 ) (800 576 96 ) (800 576 64 ) 
4 12 (768 576 80 ) (768 576 64 ) (736 576 64 ) (736 576 80 ) 
4 12 (0 0 384 ) (832 0 384 ) (832 576 384 ) (0 576 384 ) 
4 13 (192 -64 160 ) (160 -64 160 ) (160 -32 160 ) (192 -32 160 ) 
4 13 (296 -48 160 ) (296 -24 160 ) (320 -24 160 ) (320 -48 160 ) 
4 13 (360 -48 160 ) (360 -24 160 ) (384 -24 160 ) (384 -48 160 ) 
4 13 (512 -64 160 ) (448 -64 160 ) (448 0 160 ) (512 0 160 ) 
4 13 (768 -64 160 ) (704 -64 160 ) (704 0 160 ) (768 0 160 ) 
4 13 (960 -64 160 ) (832 -64 160 ) (832 0 160 ) (960 0 160 ) 
4 13 (960 0 384 ) (0 0 384 ) (0 -64 384 ) (960 -64 384 ) 
4 13 (960 0 384 ) (960 -64 384 ) (960 -64 160 ) (960 0 160 ) 
4 14 (768 0 0 ) (768 -64 0 ) (768 -64 160 ) (768 0 160 ) 
4 14 (768 0 0 ) (832 0 0 ) (832 -64 0 ) (768 -64 0 ) 
4 14 (832 0 160 ) (832 -64 160 ) (832 -64 0 ) (832 0 0 ) 
4 15 (576 -64 0 ) (640 -64 0 ) (640 -64 160 ) (576 -64 160 ) 
4 15 (512 0 0 ) (512 -64 0 ) (512 -64 160 ) (512 0 160 ) 
4 15 (512 0 0 ) (704 0 0 ) (704 -64 0 ) (512 -64 0 ) 
4 15 (704 0 160 ) (704 -64 160 ) (704 -64 0 ) (704 0 0 ) 
4 16 (384 -24 0 ) (384 -48 0 ) (384 -48 160 ) (384 -24 160 ) 
4 16 (384 0 0 ) (448 0 0 ) (448 -64 0 ) (384 -64 0 ) 
4 16 (448 0 160 ) (448 -64 160 ) (448 -64 0 ) (448 0 0 ) 
4 17 (360 -24 160 ) (360 -24 0 ) (384 -24 0 ) (384 -24 160 ) 
4 17 (360 0 0 ) (384 0 0 ) (384 -24 0 ) (360 -24 0 ) 
4 18 (384 -48 0 ) (384 -64 0 ) (360 -64 0 ) (360 -48 0 ) 
4 18 (384 -48 160 ) (384 -48 0 ) (360 -48 0 ) (360 -48 160 ) 
4 19 (320 -24 0 ) (320 -48 0 ) (320 -48 160 ) (320 -24 160 ) 
4 19 (360 -24 160 ) (360 -48 160 ) (360 -48 0 ) (360 -24 0 ) 
4 19 (320 0 0 ) (360 0 0 ) (360 -64 0 ) (320 -64 0 ) 
4 20 (296 -24 160 ) (296 -24 0 ) (320 -24 0 ) (320 -24 160 ) 
4 20 (296 0 0 ) (320 0 0 ) (320 -24 0 ) (296 -24 0 ) 
4 21 (320 -48 0 ) (320 -64 0 ) (296 -64 0 ) (296 -48 0 ) 
4 21 (320 -48 160 ) (320 -48 0 ) (296 -48 0 ) (296 -48 160 ) 
4 22 (224 -64 0 ) (256 -64 0 ) (256 -64 160 ) (224 -64 160 ) 
4 22 (192 -32 0 ) (192 -64 0 ) (192 -64 160 ) (192 -32 160 ) 
4 22 (296 -24 160 ) (296 -48 160 ) (296 -48 0 ) (296 -24 0 ) 
4 22 (192 0 0 ) (296 0 0 ) (296 -64 0 ) (192 -64 0 ) 
4 23 (160 0 0 ) (192 0 0 ) (192 -32 0 ) (160 -32 0 ) 
4 23 (160 -32 160 ) (160 -32 0 ) (192 -32 0 ) (192 -32 160 ) 
4 24 (160 -32 160 ) (160 -64 160 ) (160 -64 0 ) (160 -32 0 ) 
4 24 (0 -64 0 ) (0 0 0 ) (160 0 0 ) (160 -64 0 ) 
4 25 (832 -96 384 ) (960 -96 384 ) (960 -64 384 ) (832 -64 384 ) 
4 25 (960 -96 384 ) (960 -96 160 ) (960 -64 160 ) (960 -64 384 ) 
4 25 (960 -96 160 ) (832 -96 160 ) (832 -64 160 ) (960 -64 160 ) 
4 26 (960 -96 160 ) (960 -96 0 ) (832 -96 0 ) (832 -96 160 ) 
4 26 (832 -960 0 ) (960 -960 0 ) (960 -960 384 ) (832 -960 384 ) 
4 26 (960 -96 384 ) (960 -960 384 ) (960 -960 0 ) (960 -96 0 ) 
4 26 (960 -96 0 ) (960 -960 0 ) (832 -960 0 ) (832 -96 0 ) 
4 26 (832 -96 384 ) (832 -960 384 ) (960 -960 384 ) (960 -96 384 ) 
4 27 (640 -128 160 ) (576 -128 160 ) (576 -64 160 ) (640 -64 160 ) 
4 27 (576 -128 384 ) (832 -128 384 ) (832 -64 384 ) (576 -64 384 ) 
4 28 (704 -64 160 ) (768 -64 160 ) (768 -64 0 ) (704 -64 0 ) 
4 28 (640 -64 0 ) (832 -64 0 ) (832 -128 0 ) (640 -128 0 ) 
4 28 (832 -96 160 ) (832 -96 0 ) (832 -64 0 ) (832 -64 160 ) 
4 28 (640 -128 0 ) (640 -128 160 ) (640 -64 160 ) (640 -64 0 ) 
4 29 (256 -64 160 ) (256 -64 0 ) (256 -96 0 ) (256 -96 160 ) 
4 29 (576 -64 0 ) (576 -64 160 ) (576 -128 160 ) (576 -128 0 ) 
4 29 (448 -64 160 ) (512 -64 160 ) (512 -64 0 ) (448 -64 0 ) 
4 29 (256 -64 0 ) (576 -64 0 ) (576 -128 0 ) (256 -128 0 ) 
4 29 (256 -128 384 ) (576 -128 384 ) (576 -64 384 ) (256 -64 384 ) 
3 30 (445.993134 -530 239.001251 ) (412.006042 -563.986450 247.997833 ) (412.006256 -517.004150 239.001236 ) 
4 30 (832 -960 293.078857 ) (832 -960 384 ) (256 -960 384 ) (256 -960 335.251556 ) 
4 30 (256 -128 384 ) (256 -960 384 ) (832 -960 384 ) (832 -128 384 ) 
4 30 (576 -128 152.503128 ) (576 -128 160 ) (640 -128 160 ) (640 -128 147.817276 ) 
3 31 (412 -516.998291 238.998810 ) (412 -564.007324 248 ) (377.992737 -530 238.998688 ) 
3 31 (412 -960 323.829773 ) (256 -960 335.251556 ) (256 -960 312.407990 ) 
7 32 (411.992676 -563.993896 247.998138 ) (412.003906 -563.968750 247.994141 ) (445.996826 -529.975830 238.996017 ) (459.005859 -564 238.996017 ) (458.992706 -564.019043 239 ) (412.020874 -564.019165 247.994583 ) (411.998505 -564.009155 247.998138 ) 
5 32 (832 -960 196.568222 ) (832 -960 293.078857 ) (412 -960 323.829773 ) (256 -960 312.407990 ) (256 -960 306.866058 ) 
5 33 (377.995728 -530 238.997009 ) (412.003876 -564.007813 248 ) (412.003876 -564.015686 248 ) (365.005676 -564.014893 239 ) (364.995575 -564 238.997009 ) 
3 33 (412 -960 276.993713 ) (256 -960 306.866058 ) (256 -960 247.121399 ) 
6 34 (498.664246 -561.016357 212.128403 ) (501.944763 -563.997131 209.044983 ) (473.998871 -626 212.002182 ) (470.461548 -625.827332 214.515503 ) (446.001648 -598.001831 239 ) (459.001526 -564.002136 239 ) 
5 34 (650.207031 -960 0 ) (832 -960 0 ) (832 -960 196.568222 ) (412 -960 276.993713 ) (287.342102 -960 253.123077 ) 
3 34 (832 -484.541321 0 ) (832 -960 0 ) (650.206970 -960 0 ) 
4 35 (364.997437 -563.992188 239 ) (411.976563 -563.992188 247.996094 ) (411.995819 -564.001648 248 ) (378 -597.996460 239.001190 ) 
4 35 (352.565643 -960 207.625214 ) (287.342102 -960 253.123077 ) (256 -960 247.121399 ) (256 -960 189.133911 ) 
5 36 (473.997711 -625.997986 212.004562 ) (501.943146 -563.997009 209.047424 ) (526.983887 -563.961548 171 ) (527.014587 -564.001709 170.927750 ) (492.983582 -645.039063 171 ) 
4 36 (473.378448 -960 0 ) (650.207031 -960 0 ) (352.565643 -960 207.625214 ) (338.575165 -960 204.946182 ) 
5 36 (832 -128 0 ) (832 -484.541321 0 ) (650.206970 -960 0 ) (473.378479 -960 0 ) (822.281677 -128 0 ) 
4 37 (377.995117 -597.997070 239 ) (411.976563 -564.015625 247.996094 ) (411.994507 -564.007629 247.998947 ) (411.996613 -610.997681 239 ) 
4 37 (362.516602 -960 168.547195 ) (338.575165 -960 204.946182 ) (256 -960 189.133911 ) (256 -960 160.748444 ) 
4 38 (492.994904 -645.001099 171.005753 ) (527.011719 -563.997498 170.933472 ) (536.025818 -565.061523 126.192230 ) (500.470703 -650.860107 124.020966 ) 
4 38 (396.936157 -960 0 ) (473.378448 -960 0 ) (362.516602 -960 168.547195 ) (361.315002 -960 168.459213 ) 
4 38 (473.378479 -960 0 ) (396.936127 -960 0 ) (746.170715 -128 0 ) (822.281677 -128 0 ) 
4 39 (411.996124 -610.997864 239.002380 ) (411.996124 -564.022827 247.997589 ) (412 -564.014282 247.998947 ) (445.988312 -598.001282 239.002121 ) 
8 40 (500.473663 -650.858459 124.023087 ) (536.026733 -565.064758 126.194244 ) (536 -564.002197 124 ) (526.573914 -562.947205 77.024002 ) (525.734009 -564.001343 75.076706 ) (493.001892 -645.001953 77.004196 ) (492.869507 -646.270508 78.846107 ) (499.616913 -651.689575 121.560776 ) 
3 40 (347.976746 -960 0 ) (396.936157 -960 0 ) (372.364197 -960 116.205505 ) 
4 40 (396.936127 -960 0 ) (347.976776 -960 0 ) (688.340454 -128 0 ) (746.170715 -128 0 ) 
3 41 (458.996094 -564 239 ) (446.004181 -597.988647 239 ) (412.016388 -564 247.996902 ) 
4 42 (493.001373 -644.996094 76.995049 ) (525.729614 -564.005005 75.067810 ) (500.036255 -564.033020 36.034046 ) (474.018005 -625.970154 36.003750 ) 
3 42 (310.116821 -960 0 ) (347.976746 -960 0 ) (365.709412 -960 84.495689 ) 
4 42 (347.976776 -960 0 ) (310.116821 -960 0 ) (659.351440 -128 0 ) (688.340454 -128 0 ) 
4 43 (411.995789 -563.998352 0 ) (411.998230 -564.004700 0 ) (459.003479 -564.004700 9.001018 ) (444.762665 -531.231445 8.673592 ) 
4 43 (576 -128 63.326660 ) (640 -128 75.581970 ) (640 -128 0 ) (576 -128 0 ) 
4 43 (256 -156 0 ) (256 -128 0 ) (659.351440 -128 0 ) (442.669556 -644.212708 0 ) 
5 44 (474.010376 -625.972351 36.002159 ) (500.046387 -563.992920 36.032494 ) (460.104858 -565.476990 9.319710 ) (446.648712 -596.490784 9.013718 ) (473.965515 -625.970825 35.971260 ) 
3 44 (280.946259 -960 0 ) (310.116821 -960 0 ) (333.694916 -960 35.836559 ) 
4 44 (310.116821 -960 0 ) (280.946259 -960 0 ) (428.697418 -607.670227 0 ) (442.669556 -644.212708 0 ) 
6 45 (444.781219 -531.240234 8.673261 ) (459.008667 -563.982483 9 ) (460.137482 -565.491516 9.327018 ) (499.992645 -564.010681 35.982071 ) (473.967682 -502.054718 35.953590 ) (444.508179 -529.352722 9.014711 ) 
4 45 (576 -128 63.326660 ) (576 -128 152.503128 ) (640 -128 147.817276 ) (640 -128 75.581970 ) 
5 46 (446.664124 -596.488586 9.016520 ) (460.109375 -565.500000 9.322266 ) (458.987244 -564 8.997561 ) (412 -564 0 ) (444.763550 -596.763489 8.672709 ) 
3 46 (260.588226 -960 0 ) (280.946259 -960 0 ) (288.936401 -960 5.428379 ) 
4 46 (280.946259 -960 0 ) (260.588226 -960 0 ) (412 -564 0 ) (428.697418 -607.670227 0 ) 
8 47 (473.965576 -502.029602 35.970047 ) (500 -564.007813 35.998749 ) (500.026947 -564.032349 36.024036 ) (525.730042 -564.004333 75.072510 ) (526.574097 -562.945007 77.029381 ) (494.272156 -483.131897 78.851402 ) (492.997070 -482.998810 77 ) (473.967041 -501.986267 36 ) 
5 48 (412.015625 -610.992188 239.001953 ) (445.997559 -597.998962 239.001953 ) (470.460052 -625.828186 214.515152 ) (414.985962 -650.663147 212.128632 ) (412.001587 -611.001953 239 ) 
7 48 (326.232147 -960 30.766485 ) (333.694916 -960 35.836559 ) (365.709412 -960 84.495689 ) (372.364197 -960 116.205505 ) (361.315002 -960 168.459213 ) (256 -960 160.748444 ) (256 -960 48.450470 ) 
4 49 (494.276154 -483.132019 78.858665 ) (526.578125 -562.945313 77.036621 ) (536 -563.998291 123.992111 ) (499.693115 -476.387970 121.553116 ) 
6 50 (414.983398 -650.661865 212.128815 ) (470.460144 -625.825684 214.515823 ) (474.001099 -625.997559 212 ) (492.954468 -645.006714 171.065033 ) (412.035950 -678.985840 170.995316 ) (412 -653.945129 209.042847 ) 
5 50 (256 -960 0 ) (260.588226 -960 0 ) (288.936401 -960 5.428379 ) (326.232147 -960 30.766485 ) (256 -960 48.450470 ) 
4 50 (260.588226 -960 0 ) (256 -960 0 ) (256 -857.029114 0 ) (308.353973 -835.074219 0 ) 
7 51 (499.695007 -476.386810 121.562363 ) (536.001953 -563.995972 124.001396 ) (536.027832 -565.060669 126.200073 ) (527.016479 -563.997192 170.927704 ) (526.989197 -563.961548 170.991898 ) (492.997253 -483.011627 171.060532 ) (498.862457 -475.528595 124.028831 ) 
8 52 (412.040802 -678.980408 171.006699 ) (492.947601 -645.006226 171.075684 ) (493 -644.998474 171 ) (500.474121 -650.855835 124.029022 ) (499.614166 -651.690063 121.557526 ) (412 -688 123.996857 ) (410.933136 -688.025269 126.199936 ) (411.996796 -679.014038 170.927475 ) 
4 52 (256 -857.029114 0 ) (256 -777.226196 0 ) (344.709717 -739.989990 0 ) (308.353973 -835.074219 0 ) 
6 53 (493.010651 -483.045715 171.062729 ) (526.988281 -563.960938 170.993729 ) (501.945740 -563.998352 209.042847 ) (498.661499 -561.014404 212.129684 ) (473.826752 -505.541290 214.516525 ) (473.998810 -502 212 ) 
4 54 (412 -687.998901 123.996605 ) (499.614563 -651.689087 121.557373 ) (492.867401 -646.270142 78.844337 ) (413.053955 -678.572205 77.022354 ) 
4 54 (256 -777.226196 0 ) (256 -728.073486 0 ) (366.559418 -682.844604 0 ) (344.709717 -739.989990 0 ) 
4 55 (473.839081 -505.540527 214.512680 ) (498.670074 -561.005005 212.126236 ) (459.007263 -563.989136 238.997787 ) (446.011688 -530.001343 238.997849 ) 
7 56 (413.060120 -678.573730 77.017395 ) (492.859375 -646.277344 78.839111 ) (492.996857 -645 76.983574 ) (474.009247 -625.981079 36.001926 ) (473.978912 -625.980042 35.981018 ) (411.980316 -652.022705 36.009518 ) (412.007324 -677.734863 75.072449 ) 
4 56 (256 -728.073486 0 ) (256 -693.774109 0 ) (382.717926 -640.583923 0 ) (366.559418 -682.844604 0 ) 
5 57 (411.997223 -564 0 ) (444.762512 -531.234314 8.672665 ) (444.489258 -529.345276 9.014398 ) (413.482300 -515.891907 9.320415 ) (412.001801 -517 9 ) 
3 57 (256 -504.352905 0 ) (256 -156 0 ) (412 -564 0 ) 
6 58 (412.011108 -651.992493 35.991753 ) (473.957520 -625.971375 35.963070 ) (446.650604 -596.500488 9.014796 ) (444.772125 -596.772217 8.674983 ) (412 -611.012573 9.002408 ) (410.528534 -612.113403 9.320958 ) 
4 58 (256 -693.774109 0 ) (256 -662.752686 0 ) (396.821075 -603.698730 0 ) (382.717926 -640.583923 0 ) 
5 59 (413.493073 -515.885681 9.321521 ) (444.484375 -529.332031 9.015747 ) (473.957581 -502.023773 35.965496 ) (473.958740 -501.990173 35.988655 ) (412.009918 -475.966949 36.019073 ) 
4 60 (411.990784 -611.006958 9.002011 ) (444.773438 -596.762085 8.674494 ) (412.007599 -563.996094 0.001161 ) (411.991730 -563.996094 0 ) 
4 60 (256 -662.752686 0 ) (256 -623.647034 0 ) (412 -564 0 ) (396.821075 -603.698730 0 ) 
4 61 (412.023743 -475.974731 36.023285 ) (473.969238 -501.996460 35.992977 ) (493.007568 -483 77.010956 ) (411.995636 -450.264099 75.083206 ) 
6 62 (378 -598 239 ) (412.001465 -611 239 ) (414.987152 -650.662720 212.128525 ) (412.002838 -653.947144 209.041428 ) (350 -626 212 ) (350.171539 -622.459167 214.515305 ) 
8 63 (412.002655 -450.269745 75.070221 ) (492.998291 -483 76.997574 ) (494.271423 -483.132690 78.846115 ) (499.690521 -476.385315 121.560654 ) (498.857361 -475.526489 124.028938 ) (413.065338 -439.974121 126.200104 ) (412 -440 124 ) (410.945007 -449.427032 77.024040 ) 
5 64 (350 -625.996460 212 ) (412.005859 -653.944580 209.043488 ) (412.041290 -678.982910 171 ) (411.998291 -679.015808 170.922180 ) (330.957062 -644.983154 170.994507 ) 
4 65 (413.068542 -439.974091 126.206772 ) (498.854492 -475.523926 124.035797 ) (493 -482.997314 170.996216 ) (412.003998 -448.983765 170.923767 ) 
4 66 (330.998657 -644.995117 171.003799 ) (412.003906 -679.012695 170.931503 ) (410.937592 -688.025940 126.194321 ) (325.140320 -652.471130 124.022209 ) 
6 67 (411.997803 -448.989288 170.939240 ) (493 -483.005615 171.011520 ) (493.006073 -483.045868 171.068954 ) (474 -501.994476 211.996094 ) (412 -474.049835 209.039124 ) (411.964020 -449.015106 171 ) 
8 68 (325.144196 -652.474548 124.035118 ) (410.933105 -688.025635 126.206146 ) (412.001282 -688 124 ) (413.055908 -678.572693 77.024323 ) (411.998535 -677.730225 75.071045 ) (331 -645 76.998383 ) (329.728241 -644.866394 78.846008 ) (324.309021 -651.613647 121.560822 ) 
3 68 (256 -623.647034 0 ) (256 -598.158569 0 ) (288.204987 -611.333374 0 ) 
7 69 (411.998260 -474.050629 209.038681 ) (474.001404 -501.997070 211.995911 ) (473.829376 -505.542847 214.515182 ) (446.001282 -530.003235 239 ) (412 -517.003845 239 ) (411.996277 -517.001404 239 ) (409.011108 -477.338196 212.128677 ) 
4 70 (331.009369 -644.998596 76.984879 ) (411.993042 -677.723877 75.057816 ) (411.964996 -652.038452 36.036102 ) (350.029663 -626.020935 36.005787 ) 
4 70 (256 -598.158569 0 ) (256 -562.857544 0 ) (331.787354 -594.669556 0 ) (288.204987 -611.333374 0 ) 
3 71 (411.989807 -563.977051 0.003632 ) (411.988190 -517.008911 8.997422 ) (379.248474 -531.234863 8.670511 ) 
4 71 (256 -562.857544 0 ) (256 -504.352905 0 ) (412 -564 0 ) (331.787354 -594.669556 0 ) 
6 72 (350.026886 -626.015747 36.006714 ) (411.970490 -652.036743 36.037022 ) (412.006409 -651.997253 36 ) (410.524048 -612.104065 9.319483 ) (379.509064 -598.647339 9.013481 ) (350.028625 -625.964355 35.971310 ) 
6 73 (379.244049 -531.245056 8.670615 ) (412 -517.011414 8.997870 ) (413.492401 -515.895630 9.320745 ) (412.009583 -475.989502 36.009838 ) (350.015228 -502.030914 35.980881 ) (377.340240 -531.520447 9.015011 ) 
6 74 (412 -563.998047 0 ) (379.235840 -596.761719 8.672686 ) (379.508301 -598.645081 9.013365 ) (410.526276 -612.103088 9.319401 ) (412.001923 -611 9 ) (412.004791 -564.002136 0 ) 
8 75 (350.023590 -502.028595 35.975838 ) (412.001953 -475.994110 36.004536 ) (412.026886 -475.966736 36.030251 ) (411.998932 -450.267670 75.072632 ) (410.944885 -449.427826 77.019775 ) (331.133392 -481.729126 78.841721 ) (331.001007 -482.997528 77 ) (349.988403 -502.027405 36 ) 
4 76 (365 -563.998962 239 ) (378.001343 -598 239 ) (350.171753 -622.461731 214.514008 ) (325.335144 -566.984375 212.127029 ) 
4 77 (331.133118 -481.731110 78.839172 ) (410.946503 -449.429077 77.017128 ) (412.001678 -440 124.003250 ) (324.384125 -476.310638 121.564163 ) 
6 78 (325.341919 -566.993530 212.134201 ) (350.170044 -622.451904 214.520386 ) (349.997803 -625.998962 212 ) (330.992371 -644.948120 171.073883 ) (297.018188 -564.041077 171.004761 ) (322.052734 -564.004944 209.042664 ) 
8 79 (324.381744 -476.312317 121.572227 ) (412.004669 -440 124.011642 ) (413.064423 -439.973724 126.200142 ) (412 -448.985016 170.927704 ) (411.961548 -449.014984 170.998276 ) (331.047485 -482.992004 171.067093 ) (331 -482.998901 171 ) (323.526978 -477.141541 124.028847 ) 
8 80 (297.021332 -564.040771 171.009354 ) (330.994873 -644.946289 171.078339 ) (331.002899 -645.001282 171 ) (325.145569 -652.474731 124.028938 ) (324.310272 -651.613708 121.554321 ) (288.001251 -564 123.993729 ) (287.975281 -562.931824 126.199989 ) (296.986664 -563.995422 170.927719 ) 
6 81 (331.053284 -482.991669 171.075668 ) (411.957336 -449.018738 171.006683 ) (411.991943 -474.050781 209.041656 ) (409.012695 -477.329468 212.123352 ) (353.536011 -502.167023 214.511124 ) (350.001984 -501.995483 212 ) 
4 82 (287.998993 -564.001770 124.001328 ) (324.307465 -651.614136 121.562187 ) (329.729034 -644.867310 78.845375 ) (297.426941 -565.055054 77.024132 ) 
5 83 (353.529541 -502.172577 214.508118 ) (409.023285 -477.328613 212.120422 ) (412.006744 -517.004333 239.001312 ) (378.005219 -530.005188 239.001373 ) (377.997711 -530.005981 239 ) 
8 84 (297.433472 -565.048096 77.006409 ) (329.737854 -644.867432 78.828598 ) (330.997101 -644.998901 77 ) (350.027679 -626.011658 36 ) (350.028992 -625.973145 35.973495 ) (323.996765 -564 36.002174 ) (323.966736 -563.972778 36.030361 ) (298.267609 -564.001221 75.072510 ) 
6 85 (412.001129 -564.001953 0 ) (412.003052 -563.996948 0 ) (379.240906 -531.234741 8.672703 ) (377.343628 -531.509216 9.015915 ) (363.889740 -562.517883 9.321848 ) (365.002167 -564.005005 9 ) 
6 86 (365.014191 -564.018799 8.998659 ) (363.887817 -562.513000 9.324583 ) (323.980682 -563.988831 36.016296 ) (350.025848 -625.992554 35.987579 ) (379.516876 -598.656616 9.013971 ) (379.242889 -596.763062 8.671430 ) 
6 87 (323.967377 -563.970825 36.030613 ) (324 -564 36 ) (363.906250 -562.517578 9.312500 ) (377.356293 -531.517944 9.006648 ) (350.031647 -502.030334 35.971298 ) (349.986176 -502.028778 36.002636 ) 
3 88 (411.976563 -564.009277 0.001953 ) (364.992767 -564.009277 9 ) (379.225220 -596.763245 8.673473 ) 
4 89 (298.270935 -563.996216 75.066643 ) (323.970398 -563.968201 36.024712 ) (349.987579 -502.033600 35.994411 ) (331 -483.004272 76.993805 ) 
6 90 (350.005066 -502.005035 212.010803 ) (353.530701 -502.176178 214.515823 ) (377.987823 -530.001160 238.997742 ) (364.993378 -563.990601 238.998047 ) (325.334686 -566.977417 212.129303 ) (322.059601 -564.001648 209.050995 ) 
8 91 (298.269867 -564 75.071838 ) (331.001953 -483 77 ) (331.134644 -481.727783 78.846115 ) (324.385834 -476.309235 121.560791 ) (323.526672 -477.142639 124.029755 ) (287.974213 -562.934631 126.200615 ) (288 -564 124 ) (297.427765 -565.057007 77.024178 ) 
6 92 (331.001099 -483 171.006882 ) (331.044617 -482.994507 171.069000 ) (349.995605 -502.002167 212 ) (322.052460 -563.998535 209.043610 ) (297.014679 -564.034912 171 ) (296.986816 -563.998474 170.934464 ) 
4 93 (331.001801 -482.998627 170.996750 ) (296.985199 -564 170.924454 ) (287.973633 -562.930908 126.205757 ) (323.523529 -477.144928 124.034790 ) 
4 94 (224 -96 160 ) (224 -64 160 ) (256 -64 160 ) (256 -96 160 ) 
4 94 (224 -960 384 ) (256 -960 384 ) (256 -64 384 ) (224 -64 384 ) 
4 94 (256 -960 160 ) (256 -960 384 ) (224 -960 384 ) (224 -960 160 ) 
4 95 (224 -960 0 ) (256 -960 0 ) (256 -960 160 ) (224 -960 160 ) 
4 95 (256 -96 0 ) (256 -960 0 ) (224 -960 0 ) (224 -96 0 ) 
4 95 (224 -96 0 ) (224 -96 160 ) (256 -96 160 ) (256 -96 0 ) 
4 96 (224 -96 0 ) (224 -64 0 ) (224 -64 160 ) (224 -96 160 ) 
4 96 (0 -960 0 ) (224 -960 0 ) (224 -960 384 ) (0 -960 384 ) 
4 96 (160 -64 160 ) (192 -64 160 ) (192 -64 0 ) (160 -64 0 ) 
4 96 (0 -960 0 ) (0 -64 0 ) (224 -64 0 ) (224 -960 0 ) 
4 96 (224 -960 384 ) (224 -64 384 ) (0 -64 384 ) (0 -960 384 ) 
8 97 (-452 390 160 ) (-568 390 160 ) (-648 470 160 ) (-648 586 160 ) (-568 666 160 ) (-452 666 160 ) (-371 585 160 ) (-371 471 160 ) 
4 97 (-648 390 384 ) (0 390 384 ) (0 960 384 ) (-648 960 384 ) 
4 97 (-648 960 160 ) (-648 960 384 ) (0 960 384 ) (0 960 160 ) 
4 98 (-371 471 160 ) (-371 585 160 ) (-371 585 0 ) (-371 471 0 ) 
4 98 (-371 960 160 ) (0 960 160 ) (0 960 0 ) (-371 960 0 ) 
4 98 (-371 960 0 ) (0 960 0 ) (0 390 0 ) (-371 390 0 ) 
4 99 (-452 666 160 ) (-568 666 160 ) (-568 666 0 ) (-452 666 0 ) 
4 99 (-648 960 0 ) (-371 960 0 ) (-371 666 0 ) (-648 666 0 ) 
4 99 (-648 960 160 ) (-371 960 160 ) (-371 960 0 ) (-648 960 0 ) 
4 100 (-452 666 160 ) (-452 666 0 ) (-371 585 0 ) (-371 585 160 ) 
3 100 (-371 666 0 ) (-371 585 0 ) (-452 666 0 ) 
4 101 (-371 471 160 ) (-371 471 0 ) (-452 390 0 ) (-452 390 160 ) 
3 101 (-371 471 0 ) (-371 390 0 ) (-452 390 0 ) 
4 102 (-648 470 0 ) (-648 470 160 ) (-568 390 160 ) (-568 390 0 ) 
3 102 (-568 390 0 ) (-648 390 0 ) (-648 470 0 ) 
3 103 (-648 586 0 ) (-648 666 0 ) (-568 666 0 ) 
4 103 (-568 666 0 ) (-568 666 160 ) (-648 586 160 ) (-648 586 0 ) 
4 104 (-648 586 160 ) (-648 470 160 ) (-648 470 0 ) (-648 586 0 ) 
4 104 (-648 960 384 ) (-648 960 0 ) (-960 960 0 ) (-960 960 384 ) 
4 104 (-960 960 0 ) (-960 390 0 ) (-960 390 384 ) (-960 960 384 ) 
4 104 (-960 390 0 ) (-960 960 0 ) (-648 960 0 ) (-648 390 0 ) 
4 104 (-648 390 384 ) (-648 960 384 ) (-960 960 384 ) (-960 390 384 ) 
4 105 (-568 390 160 ) (-452 390 160 ) (-452 390 0 ) (-568 390 0 ) 
4 105 (-960 390 0 ) (-960 0 0 ) (-960 0 384 ) (-960 390 384 ) 
4 105 (0 0 0 ) (-960 0 0 ) (-960 390 0 ) (0 390 0 ) 
4 105 (0 390 384 ) (-960 390 384 ) (-960 0 384 ) (0 0 384 ) 
3 106 (-294.561279 -491.569092 0 ) (-396.141418 -593.149231 0 ) (-432.994141 -455.005859 159.994659 ) 
5 106 (-960 -960 384 ) (-960 -960 180.114288 ) (-763 -960 0 ) (0 -960 0 ) (0 -960 384 ) 
5 106 (-960 -737 384 ) (-960 -960 384 ) (0 -960 384 ) (0 0 384 ) (-223 0 384 ) 
3 106 (0 -197 0 ) (0 -960 0 ) (-763 -960 0 ) 
3 106 (-960 -960 180.114288 ) (-960 -960 384 ) (-960 -737 384 ) 
3 107 (-294.563965 -491.555634 0 ) (-432.993469 -454.994751 159.991241 ) (-331.419647 -354.498505 0 ) 
4 107 (-426.747925 0 0 ) (0 0 0 ) (0 -197 0 ) (-294.562927 -491.562927 0 ) 
3 107 (-626.811890 -403.811890 384 ) (-223 0 384 ) (-735.400024 0 384 ) 
3 108 (-331.414063 -354.496094 0 ) (-432.995087 -454.995148 160 ) (-470.303467 -317.303467 0 ) 
5 108 (-960 -492.662720 384 ) (-767.271912 -544.271912 384 ) (-626.811890 -403.811890 384 ) (-735.400024 0 384 ) (-960 0 384 ) 
4 108 (-960 0 0 ) (-426.747925 0 0 ) (-331.420654 -354.498199 0 ) (-960 -186.175720 0 ) 
4 108 (-960 0 0 ) (-960 -186.175735 0 ) (-960 -492.662720 384 ) (-960 0 384 ) 
5 109 (-433.003357 -455 159.996078 ) (-433 -455 159.996078 ) (-432.995728 -455.004272 159.992203 ) (-396.145050 -593.145081 0 ) (-533.916016 -555.831726 0 ) 
6 109 (-960 -440.437531 0 ) (-960 -960 0 ) (-960 -960 180.114288 ) (-960 -737 384 ) (-960 -492.662720 384 ) (-960 -313.076172 158.994598 ) 
4 109 (-396.147552 -593.147583 0 ) (-763 -960 0 ) (-960 -960 0 ) (-960 -440.437561 0 ) 
3 109 (-960 -492.662720 384 ) (-960 -737 384 ) (-767.271912 -544.271912 384 ) 
3 109 (-960 -960 180.114288 ) (-960 -960 0 ) (-763 -960 0 ) 
3 110 (-571.317688 -418.308807 0 ) (-470.320618 -317.311890 0 ) (-433.018188 -454.988525 159.981140 ) 
4 110 (-671.557373 -518.557434 0 ) (-960 -440.437561 0 ) (-960 -186.175720 0 ) (-470.306915 -317.306885 0 ) 
3 110 (-960 -186.175735 0 ) (-960 -440.437531 0 ) (-960 -313.076172 158.994598 ) 
3 111 (-533.915039 -555.835571 0 ) (-671.557373 -518.557434 0 ) (-571.315796 -418.315796 0 ) 
4 111 (-571.316284 -418.317566 0 ) (-433 -455.001953 160 ) (-433.001129 -455.003082 159.998199 ) (-533.915039 -555.837463 0 ) 
